Using pre-set license
Built from '2020.3/staging' branch; Version is '2020.3.5f1 (8095aa901b9b) revision 8426922'; Using compiler version '192528614'; Build Type 'Release'
OS: 'Windows 10 Pro; OS build 19043.1052; Version 2009; 64bit' Language: 'en' Physical Memory: 16332 MB
BatchMode: 1, IsHumanControllingUs: 0, StartBugReporterOnCrash: 0, Is64bit: 1, IsPro: 0

 COMMAND LINE ARGUMENTS:
C:\Program Files\Unity\Hub\Editor\2020.3.5f1\Editor\Unity.exe
-adb2
-batchMode
-noUpm
-name
AssetImportWorker0
-projectPath
S:/Game Development/Unity/Projects/My Projects/Active/Turn Based Voxel Game
-logFile
Logs/AssetImportWorker0.log
-srvPort
56793
Successfully changed project path to: S:/Game Development/Unity/Projects/My Projects/Active/Turn Based Voxel Game
S:/Game Development/Unity/Projects/My Projects/Active/Turn Based Voxel Game
Using Asset Import Pipeline V2.
Refreshing native plugins compatible for Editor in 48.76 ms, found 0 plugins.
Preloading 0 native plugins for Editor in 0.00 ms.
Initialize engine version: 2020.3.5f1 (8095aa901b9b)
[Subsystems] Discovering subsystems at path C:/Program Files/Unity/Hub/Editor/2020.3.5f1/Editor/Data/Resources/UnitySubsystems
[Subsystems] Discovering subsystems at path S:/Game Development/Unity/Projects/My Projects/Active/Turn Based Voxel Game/Assets
GfxDevice: creating device client; threaded=0
Direct3D:
    Version:  Direct3D 11.0 [level 11.1]
    Renderer: NVIDIA GeForce RTX 2060 SUPER (ID=0x1f06)
    Vendor:   
    VRAM:     8031 MB
    Driver:   27.21.14.6589
Shader 'Universal Render Pipeline/Particles/Lit': fallback shader 'Universal Render Pipeline/Particles/SimpleLit' not found
Initialize mono
Mono path[0] = 'C:/Program Files/Unity/Hub/Editor/2020.3.5f1/Editor/Data/Managed'
Mono path[1] = 'C:/Program Files/Unity/Hub/Editor/2020.3.5f1/Editor/Data/MonoBleedingEdge/lib/mono/unityjit'
Mono config path = 'C:/Program Files/Unity/Hub/Editor/2020.3.5f1/Editor/Data/MonoBleedingEdge/etc'
Using monoOptions --debugger-agent=transport=dt_socket,embedding=1,server=y,suspend=n,address=127.0.0.1:56944
Begin MonoManager ReloadAssembly
Registering precompiled unity dll's ...
Register platform support module: C:/Program Files/Unity/Hub/Editor/2020.3.5f1/Editor/Data/PlaybackEngines/WindowsStandaloneSupport/UnityEditor.WindowsStandalone.Extensions.dll
Registered in 0.001805 seconds.
Native extension for WindowsStandalone target not found
Refreshing native plugins compatible for Editor in 51.17 ms, found 0 plugins.
Preloading 0 native plugins for Editor in 0.00 ms.
Mono: successfully reloaded assembly
- Completed reload, in  0.901 seconds
Platform modules already initialized, skipping
Registering precompiled user dll's ...
Registered in 0.000904 seconds.
Begin MonoManager ReloadAssembly
Native extension for WindowsStandalone target not found
Refreshing native plugins compatible for Editor in 50.66 ms, found 0 plugins.
Preloading 0 native plugins for Editor in 0.00 ms.
Mono: successfully reloaded assembly
- Completed reload, in  0.945 seconds
Platform modules already initialized, skipping
========================================================================
Worker process is ready to serve import requests
Shader 'Universal Render Pipeline/Particles/Lit': fallback shader 'Universal Render Pipeline/Particles/SimpleLit' not found
Launched and connected shader compiler UnityShaderCompiler.exe after 0.05 seconds
Refreshing native plugins compatible for Editor in 0.60 ms, found 0 plugins.
Preloading 0 native plugins for Editor in 0.00 ms.
Unloading 3026 Unused Serialized files (Serialized files now loaded: 0)
System memory in use before: 140.5 MB.
System memory in use after: 140.7 MB.

Unloading 13 unused Assets to reduce memory usage. Loaded Objects now: 3483.
Total: 3.284700 ms (FindLiveObjects: 0.460000 ms CreateObjectMapping: 0.091000 ms MarkObjects: 2.636400 ms  DeleteObjects: 0.095600 ms)

========================================================================
Received Import Request.
  path: Assets/3rd Party/MyBox/Tools/Undone/JsonDataManager/HideInJsonEditorAttribute.cs
  artifactKey: Guid(09e02ef9296f0a04fa5c529ae9785cdc) Importer(815301076,1909f56bfc062723c751e8b465ee728b)
Start importing Assets/3rd Party/MyBox/Tools/Undone/JsonDataManager/HideInJsonEditorAttribute.cs using Guid(09e02ef9296f0a04fa5c529ae9785cdc) Importer(815301076,1909f56bfc062723c751e8b465ee728b)  -> (artifact id: '926b81935fb336c8cd664a83c578858d') in 0.038210 seconds
  Import took 0.081798 seconds .

========================================================================
Received Import Request.
  Time since last request: 0.005097 seconds.
  path: Assets/3rd Party/MyBox/Tools/Internal/MyBoxFeatures.cs
  artifactKey: Guid(d5066814d8294782a0d959988feb2684) Importer(815301076,1909f56bfc062723c751e8b465ee728b)
Start importing Assets/3rd Party/MyBox/Tools/Internal/MyBoxFeatures.cs using Guid(d5066814d8294782a0d959988feb2684) Importer(815301076,1909f56bfc062723c751e8b465ee728b)  -> (artifact id: 'be46f6dda4f840addbf1141e8f68b72a') in 0.006204 seconds
  Import took 0.026494 seconds .

========================================================================
Received Import Request.
  Time since last request: 0.001926 seconds.
  path: Assets/Scripts/Utility/Grid System/SnapToGrid.cs
  artifactKey: Guid(a116a1579a5f13b4eabb92cd514f1dc0) Importer(815301076,1909f56bfc062723c751e8b465ee728b)
Start importing Assets/Scripts/Utility/Grid System/SnapToGrid.cs using Guid(a116a1579a5f13b4eabb92cd514f1dc0) Importer(815301076,1909f56bfc062723c751e8b465ee728b)  -> (artifact id: 'df33a5ed74ba4a975a4ba8b662c83c86') in 0.005666 seconds
  Import took 0.023737 seconds .

========================================================================
Received Import Request.
  Time since last request: 0.005283 seconds.
  path: Assets/3rd Party/MyBox/Attributes/RequireLayerOtRagAttributeHandler.cs
  artifactKey: Guid(47e06842e3e6403d984cf0d03b3ff844) Importer(815301076,1909f56bfc062723c751e8b465ee728b)
Start importing Assets/3rd Party/MyBox/Attributes/RequireLayerOtRagAttributeHandler.cs using Guid(47e06842e3e6403d984cf0d03b3ff844) Importer(815301076,1909f56bfc062723c751e8b465ee728b)  -> (artifact id: '6a6925184d13d90e1d04e337adb74182') in 0.005387 seconds
  Import took 0.010321 seconds .

========================================================================
Received Import Request.
  Time since last request: 0.001983 seconds.
  path: Assets/Scripts/Utility/Grid System/Pathfinding/PathNode.cs
  artifactKey: Guid(282138b2e9f94097806af9448b4593fd) Importer(815301076,1909f56bfc062723c751e8b465ee728b)
Start importing Assets/Scripts/Utility/Grid System/Pathfinding/PathNode.cs using Guid(282138b2e9f94097806af9448b4593fd) Importer(815301076,1909f56bfc062723c751e8b465ee728b)  -> (artifact id: 'dcdf3aa7bf68b8cdac55984dec20b6c9') in 0.005979 seconds
  Import took 0.056729 seconds .

========================================================================
Received Import Request.
  Time since last request: 0.001755 seconds.
  path: Assets/Scripts/Utility/Design Patterns/Singleton.cs
  artifactKey: Guid(6981111a212f98641a285461a6bf71d0) Importer(815301076,1909f56bfc062723c751e8b465ee728b)
Start importing Assets/Scripts/Utility/Design Patterns/Singleton.cs using Guid(6981111a212f98641a285461a6bf71d0) Importer(815301076,1909f56bfc062723c751e8b465ee728b)  -> (artifact id: '93b0b5eaec57e25e2b8ad3fec4fa8131') in 0.006062 seconds
  Import took 0.029329 seconds .

========================================================================
Received Import Request.
  Time since last request: 0.005097 seconds.
  path: Assets/3rd Party/MyBox/Extensions/MyAlgorithms.cs
  artifactKey: Guid(f124183e25b4eb04681a42b28f6b3cb7) Importer(815301076,1909f56bfc062723c751e8b465ee728b)
Start importing Assets/3rd Party/MyBox/Extensions/MyAlgorithms.cs using Guid(f124183e25b4eb04681a42b28f6b3cb7) Importer(815301076,1909f56bfc062723c751e8b465ee728b)  -> (artifact id: '1977ebb50c05bc4aa96764191ec23e01') in 0.005801 seconds
  Import took 0.024158 seconds .

========================================================================
Received Import Request.
  Time since last request: 0.005011 seconds.
  path: Assets/3rd Party/MyBox/Extensions/MyCommonConstants.cs
  artifactKey: Guid(fb2aa8c92e6ec874891ff512be617e27) Importer(815301076,1909f56bfc062723c751e8b465ee728b)
Start importing Assets/3rd Party/MyBox/Extensions/MyCommonConstants.cs using Guid(fb2aa8c92e6ec874891ff512be617e27) Importer(815301076,1909f56bfc062723c751e8b465ee728b)  -> (artifact id: 'a77e9493cd037794b76eddb5a95023a4') in 0.006521 seconds
  Import took 0.066207 seconds .

========================================================================
Received Import Request.
  Time since last request: 0.004994 seconds.
  path: Assets/3rd Party/MyBox/Tools/Features/CleanEmptyDirectoriesFeature.cs
  artifactKey: Guid(ddb889712ded3a048a568870fa1331a8) Importer(815301076,1909f56bfc062723c751e8b465ee728b)
Start importing Assets/3rd Party/MyBox/Tools/Features/CleanEmptyDirectoriesFeature.cs using Guid(ddb889712ded3a048a568870fa1331a8) Importer(815301076,1909f56bfc062723c751e8b465ee728b)  -> (artifact id: 'eeb67782c11511a3a0c4229c8cc88bd9') in 0.005612 seconds
  Import took 0.054846 seconds .

========================================================================
Received Import Request.
  Time since last request: 0.001841 seconds.
  path: Assets/Scripts/Utility/Audio/AudioHandler.cs
  artifactKey: Guid(8bca504860fefcb4695d5007168b5a9f) Importer(815301076,1909f56bfc062723c751e8b465ee728b)
Start importing Assets/Scripts/Utility/Audio/AudioHandler.cs using Guid(8bca504860fefcb4695d5007168b5a9f) Importer(815301076,1909f56bfc062723c751e8b465ee728b)  -> (artifact id: '65e70612251dc6071c55fbc3df10491f') in 0.005559 seconds
  Import took 0.032859 seconds .

========================================================================
Received Import Request.
  Time since last request: 0.001793 seconds.
  path: Assets/Scripts/Utility/Grid System/Node.cs
  artifactKey: Guid(12ac23b868aa1854aa01fd1a3f574853) Importer(815301076,1909f56bfc062723c751e8b465ee728b)
Start importing Assets/Scripts/Utility/Grid System/Node.cs using Guid(12ac23b868aa1854aa01fd1a3f574853) Importer(815301076,1909f56bfc062723c751e8b465ee728b)  -> (artifact id: '5ac707162ac63bd7eb594ee362e0dd44') in 0.005948 seconds
  Import took 0.021649 seconds .

========================================================================
Received Import Request.
  Time since last request: 0.001955 seconds.
  path: Assets/Scripts/Utility/Grid System/GridsManager.cs
  artifactKey: Guid(cd5e2dc156da780449d16cbd62790735) Importer(815301076,1909f56bfc062723c751e8b465ee728b)
Start importing Assets/Scripts/Utility/Grid System/GridsManager.cs using Guid(cd5e2dc156da780449d16cbd62790735) Importer(815301076,1909f56bfc062723c751e8b465ee728b)  -> (artifact id: 'a3566e6c3d55e098fbb99498c248a0b6') in 0.018302 seconds
  Import took 0.022985 seconds .

========================================================================
Received Import Request.
  Time since last request: 0.004629 seconds.
  path: Assets/3rd Party/MyBox/Types/UIImageBasedToggle.cs
  artifactKey: Guid(c85c43c2e602fe34f92fdbb8139d9396) Importer(815301076,1909f56bfc062723c751e8b465ee728b)
Start importing Assets/3rd Party/MyBox/Types/UIImageBasedToggle.cs using Guid(c85c43c2e602fe34f92fdbb8139d9396) Importer(815301076,1909f56bfc062723c751e8b465ee728b)  -> (artifact id: 'c25ffae9eba8bc5334811fd7a838067c') in 0.005930 seconds
  Import took 0.043716 seconds .

========================================================================
Received Import Request.
  Time since last request: 0.004727 seconds.
  path: Assets/3rd Party/MyBox/Types/ColliderGizmo.cs
  artifactKey: Guid(e1cd926bb9d510543847bc79ae7379f9) Importer(815301076,1909f56bfc062723c751e8b465ee728b)
Start importing Assets/3rd Party/MyBox/Types/ColliderGizmo.cs using Guid(e1cd926bb9d510543847bc79ae7379f9) Importer(815301076,1909f56bfc062723c751e8b465ee728b)  -> (artifact id: '38f3e324b2ccdb2b2d19fa237ab269c7') in 0.005974 seconds
  Import took 0.055214 seconds .

========================================================================
Received Import Request.
  Time since last request: 0.005239 seconds.
  path: Assets/3rd Party/MyBox/Attributes/ReadOnlyAttribute.cs
  artifactKey: Guid(44c78368338beb948bdffa8db7179a0b) Importer(815301076,1909f56bfc062723c751e8b465ee728b)
Start importing Assets/3rd Party/MyBox/Attributes/ReadOnlyAttribute.cs using Guid(44c78368338beb948bdffa8db7179a0b) Importer(815301076,1909f56bfc062723c751e8b465ee728b)  -> (artifact id: 'dcb9af711ca6debdf53f6e841fd9370c') in 0.005977 seconds
  Import took 0.037046 seconds .

========================================================================
Received Import Request.
  Time since last request: 0.005221 seconds.
  path: Assets/3rd Party/MyBox/Tools/Undone/EmbeddedAnimationCreator.cs
  artifactKey: Guid(af9e98dad326d9e41982c4c33829386a) Importer(815301076,1909f56bfc062723c751e8b465ee728b)
Start importing Assets/3rd Party/MyBox/Tools/Undone/EmbeddedAnimationCreator.cs using Guid(af9e98dad326d9e41982c4c33829386a) Importer(815301076,1909f56bfc062723c751e8b465ee728b)  -> (artifact id: '1b717fa1c338a044ed78ed4af86bc7c5') in 0.005818 seconds
  Import took 0.016836 seconds .

========================================================================
Received Import Request.
  Time since last request: 0.005253 seconds.
  path: Assets/3rd Party/MyBox/Extensions/MyTexture.cs
  artifactKey: Guid(c9e0ec1dcc4e6fa45a7fedda14460872) Importer(815301076,1909f56bfc062723c751e8b465ee728b)
Start importing Assets/3rd Party/MyBox/Extensions/MyTexture.cs using Guid(c9e0ec1dcc4e6fa45a7fedda14460872) Importer(815301076,1909f56bfc062723c751e8b465ee728b)  -> (artifact id: '1b1c480d670d0d1a2ea17cb755814d0c') in 0.006116 seconds
  Import took 0.011083 seconds .

========================================================================
Received Import Request.
  Time since last request: 0.005014 seconds.
  path: Assets/3rd Party/MyBox/Tools/TimeTest.cs
  artifactKey: Guid(9f5c1cabde11a7244b34e3753717c5a0) Importer(815301076,1909f56bfc062723c751e8b465ee728b)
Start importing Assets/3rd Party/MyBox/Tools/TimeTest.cs using Guid(9f5c1cabde11a7244b34e3753717c5a0) Importer(815301076,1909f56bfc062723c751e8b465ee728b)  -> (artifact id: '929b7766e3eb54d5c47fb68952a0dd6e') in 0.005757 seconds
  Import took 0.010364 seconds .

========================================================================
Received Import Request.
  Time since last request: 0.004917 seconds.
  path: Assets/3rd Party/MyBox/Tools/WarningsPool.cs
  artifactKey: Guid(1a9d7afad0ff4e5a81f7d8482efba082) Importer(815301076,1909f56bfc062723c751e8b465ee728b)
Start importing Assets/3rd Party/MyBox/Tools/WarningsPool.cs using Guid(1a9d7afad0ff4e5a81f7d8482efba082) Importer(815301076,1909f56bfc062723c751e8b465ee728b)  -> (artifact id: '344a4a43a7026f5e0ee43097d3daedc0') in 0.005034 seconds
  Import took 0.026225 seconds .

========================================================================
Received Import Request.
  Time since last request: 0.004890 seconds.
  path: Assets/3rd Party/MyBox/Attributes/MustBeAssignedConditionalFieldExclude.cs
  artifactKey: Guid(e15cfc2935144103b5361ee1609fdae4) Importer(815301076,1909f56bfc062723c751e8b465ee728b)
Start importing Assets/3rd Party/MyBox/Attributes/MustBeAssignedConditionalFieldExclude.cs using Guid(e15cfc2935144103b5361ee1609fdae4) Importer(815301076,1909f56bfc062723c751e8b465ee728b)  -> (artifact id: 'f4641295c01c6b990eb49ffae3900a37') in 0.005512 seconds
  Import took 0.044300 seconds .

========================================================================
Received Import Request.
  Time since last request: 0.005036 seconds.
  path: Assets/3rd Party/MyBox/Tools/AssetPresetPreprocessor/AssetPresetPreprocessor.cs
  artifactKey: Guid(20ac1f2822354281b5c4455cbf4f9db6) Importer(815301076,1909f56bfc062723c751e8b465ee728b)
Start importing Assets/3rd Party/MyBox/Tools/AssetPresetPreprocessor/AssetPresetPreprocessor.cs using Guid(20ac1f2822354281b5c4455cbf4f9db6) Importer(815301076,1909f56bfc062723c751e8b465ee728b)  -> (artifact id: '6a1250f3e5b3fb5a9dffe6091582675f') in 0.005783 seconds
  Import took 0.064583 seconds .

========================================================================
Received Import Request.
  Time since last request: 0.005989 seconds.
  path: Assets/3rd Party/MyBox/Tools/Internal/MyBoxStartupAsset.cs
  artifactKey: Guid(39e52080a4cb46788947dcd9ce35f806) Importer(815301076,1909f56bfc062723c751e8b465ee728b)
Start importing Assets/3rd Party/MyBox/Tools/Internal/MyBoxStartupAsset.cs using Guid(39e52080a4cb46788947dcd9ce35f806) Importer(815301076,1909f56bfc062723c751e8b465ee728b)  -> (artifact id: '86cc2756ee2d0e1e3acb0bf5c1ef61a2') in 0.007754 seconds
  Import took 0.046356 seconds .

========================================================================
Received Import Request.
  Time since last request: 0.001393 seconds.
  path: Assets/Scripts/Utility/DataManipulation
  artifactKey: Guid(eff0c3aabd30d7243b746797b29ee5c6) Importer(815301076,1909f56bfc062723c751e8b465ee728b)
Start importing Assets/Scripts/Utility/DataManipulation using Guid(eff0c3aabd30d7243b746797b29ee5c6) Importer(815301076,1909f56bfc062723c751e8b465ee728b)  -> (artifact id: 'dfa25c9971c40b1988db667c558fad9a') in 0.005900 seconds
  Import took 0.023104 seconds .

========================================================================
Received Import Request.
  Time since last request: 0.004805 seconds.
  path: Assets/3rd Party/MyBox/Tools/Features/CollapsableEventDrawer.cs
  artifactKey: Guid(df244a7360a14c7aa31e54bd3b4763f3) Importer(815301076,1909f56bfc062723c751e8b465ee728b)
Start importing Assets/3rd Party/MyBox/Tools/Features/CollapsableEventDrawer.cs using Guid(df244a7360a14c7aa31e54bd3b4763f3) Importer(815301076,1909f56bfc062723c751e8b465ee728b)  -> (artifact id: '708e89311243b082fb2c79a47d96dee3') in 0.005573 seconds
  Import took 0.029577 seconds .

========================================================================
Received Import Request.
  Time since last request: 0.004953 seconds.
  path: Assets/3rd Party/MyBox/Attributes/DefinedValuesAttribute.cs
  artifactKey: Guid(bb25c9dc1c7ff1345ac286ba31c0af36) Importer(815301076,1909f56bfc062723c751e8b465ee728b)
Start importing Assets/3rd Party/MyBox/Attributes/DefinedValuesAttribute.cs using Guid(bb25c9dc1c7ff1345ac286ba31c0af36) Importer(815301076,1909f56bfc062723c751e8b465ee728b)  -> (artifact id: '7593831b5842d76fdf7560af013d294e') in 0.004669 seconds
  Import took 0.023924 seconds .

========================================================================
Received Import Request.
  Time since last request: 0.006583 seconds.
  path: Assets/3rd Party/MyBox/Types/UIRelativePosition.cs
  artifactKey: Guid(6c7214e7f69d48c4a26812ef9dbe7232) Importer(815301076,1909f56bfc062723c751e8b465ee728b)
Start importing Assets/3rd Party/MyBox/Types/UIRelativePosition.cs using Guid(6c7214e7f69d48c4a26812ef9dbe7232) Importer(815301076,1909f56bfc062723c751e8b465ee728b)  -> (artifact id: '0bc5e19ac196599291acc99792197c3c') in 0.005856 seconds
  Import took 0.037302 seconds .

========================================================================
Received Import Request.
  Time since last request: 0.001875 seconds.
  path: Assets/Scripts/Utility/Serialization/SerializableDictionary.cs
  artifactKey: Guid(bf31dbcfc5314f809ce5c90ec36bbb1f) Importer(815301076,1909f56bfc062723c751e8b465ee728b)
Start importing Assets/Scripts/Utility/Serialization/SerializableDictionary.cs using Guid(bf31dbcfc5314f809ce5c90ec36bbb1f) Importer(815301076,1909f56bfc062723c751e8b465ee728b)  -> (artifact id: 'f075544ccd4fb6edfa5d78195985f2e6') in 0.006074 seconds
  Import took 0.010898 seconds .

========================================================================
Received Import Request.
  Time since last request: 0.005802 seconds.
  path: Assets/3rd Party/MyBox/Tools/Undone/AnimationCreator.cs
  artifactKey: Guid(e774eae9d01a483ca895a35b92ac00e4) Importer(815301076,1909f56bfc062723c751e8b465ee728b)
Start importing Assets/3rd Party/MyBox/Tools/Undone/AnimationCreator.cs using Guid(e774eae9d01a483ca895a35b92ac00e4) Importer(815301076,1909f56bfc062723c751e8b465ee728b)  -> (artifact id: 'aef2d3d3e877c0d1bd6d2fec23230fa3') in 0.006878 seconds
  Import took 0.059758 seconds .

========================================================================
Received Import Request.
  Time since last request: 0.017937 seconds.
  path: Assets/3rd Party/MyBox/Tools/Undone/ECS/Bool.cs
  artifactKey: Guid(603a37495c116f64397be1ba977b5f4f) Importer(815301076,1909f56bfc062723c751e8b465ee728b)
Start importing Assets/3rd Party/MyBox/Tools/Undone/ECS/Bool.cs using Guid(603a37495c116f64397be1ba977b5f4f) Importer(815301076,1909f56bfc062723c751e8b465ee728b)  -> (artifact id: 'a12f3c5c3afaf3b8d654546d983f660f') in 0.107776 seconds
  Import took 0.113230 seconds .

========================================================================
Received Import Request.
  Time since last request: 0.004443 seconds.
  path: Assets/3rd Party/MyBox/Types/ActiveStateOnStart.cs
  artifactKey: Guid(ed62496e85434631a8ce8752f246de34) Importer(815301076,1909f56bfc062723c751e8b465ee728b)
Start importing Assets/3rd Party/MyBox/Types/ActiveStateOnStart.cs using Guid(ed62496e85434631a8ce8752f246de34) Importer(815301076,1909f56bfc062723c751e8b465ee728b)  -> (artifact id: '4774c9081b3150144d64ac7c1fcf6564') in 0.005393 seconds
  Import took 0.031607 seconds .

========================================================================
Received Import Request.
  Time since last request: 0.004295 seconds.
  path: Assets/3rd Party/MyBox/Tools/Undone/MyPhysics.cs
  artifactKey: Guid(6961272252cb4a159c7e43bba8094187) Importer(815301076,1909f56bfc062723c751e8b465ee728b)
Start importing Assets/3rd Party/MyBox/Tools/Undone/MyPhysics.cs using Guid(6961272252cb4a159c7e43bba8094187) Importer(815301076,1909f56bfc062723c751e8b465ee728b)  -> (artifact id: '53b767d7e7f92e49aa4ee3c812b981f0') in 0.006636 seconds
  Import took 0.015979 seconds .

========================================================================
Received Import Request.
  Time since last request: 0.004981 seconds.
  path: Assets/3rd Party/MyBox/Types/UIImageBasedButton.cs
  artifactKey: Guid(060e423b0634dd043aebdae00ae75ff8) Importer(815301076,1909f56bfc062723c751e8b465ee728b)
Start importing Assets/3rd Party/MyBox/Types/UIImageBasedButton.cs using Guid(060e423b0634dd043aebdae00ae75ff8) Importer(815301076,1909f56bfc062723c751e8b465ee728b)  -> (artifact id: '82cb37481845ff9b0c1111e452d0c15e') in 0.005746 seconds
  Import took 0.011208 seconds .

========================================================================
Received Import Request.
  Time since last request: 0.004490 seconds.
  path: Assets/3rd Party/MyBox/Attributes/MaxValueAttribute.cs
  artifactKey: Guid(8930225c73d74e5dbb7784e4c97eb1ef) Importer(815301076,1909f56bfc062723c751e8b465ee728b)
Start importing Assets/3rd Party/MyBox/Attributes/MaxValueAttribute.cs using Guid(8930225c73d74e5dbb7784e4c97eb1ef) Importer(815301076,1909f56bfc062723c751e8b465ee728b)  -> (artifact id: 'a7095c0a8f82a25172b5a8c03ba27364') in 0.005358 seconds
  Import took 0.010253 seconds .

========================================================================
Received Import Request.
  Time since last request: 0.002487 seconds.
  path: Assets/Scripts/Utility/Grid System/Pathfinding/AStarGrid.cs
  artifactKey: Guid(ebcad026b7260f04e97e6433b9cf1f76) Importer(815301076,1909f56bfc062723c751e8b465ee728b)
Start importing Assets/Scripts/Utility/Grid System/Pathfinding/AStarGrid.cs using Guid(ebcad026b7260f04e97e6433b9cf1f76) Importer(815301076,1909f56bfc062723c751e8b465ee728b)  -> (artifact id: '20da7504ba53125712aa8bb54faaba32') in 0.005311 seconds
  Import took 0.033805 seconds .

========================================================================
Received Import Request.
  Time since last request: 0.004566 seconds.
  path: Assets/3rd Party/MyBox/Types/EditorTypes/IndentBlock.cs
  artifactKey: Guid(31a07d7247a9ed4429fdc57aa366f9fd) Importer(815301076,1909f56bfc062723c751e8b465ee728b)
Start importing Assets/3rd Party/MyBox/Types/EditorTypes/IndentBlock.cs using Guid(31a07d7247a9ed4429fdc57aa366f9fd) Importer(815301076,1909f56bfc062723c751e8b465ee728b)  -> (artifact id: 'a946d5e1fbf3cbd46afd502ed94dcdf0') in 0.005287 seconds
  Import took 0.038583 seconds .

========================================================================
Received Import Request.
  Time since last request: 0.005036 seconds.
  path: Assets/3rd Party/MyBox/Tools/Internal/MyBoxSettings.cs
  artifactKey: Guid(6d9574cd9fd624c47b731e243b62972c) Importer(815301076,1909f56bfc062723c751e8b465ee728b)
Start importing Assets/3rd Party/MyBox/Tools/Internal/MyBoxSettings.cs using Guid(6d9574cd9fd624c47b731e243b62972c) Importer(815301076,1909f56bfc062723c751e8b465ee728b)  -> (artifact id: '58dc5d2af791412fc957f9675f4f335c') in 0.005300 seconds
  Import took 0.011102 seconds .

========================================================================
Received Import Request.
  Time since last request: 0.004920 seconds.
  path: Assets/3rd Party/MyBox/Types/SceneReference.cs
  artifactKey: Guid(a01c2dc505e0ab341958183247f3629c) Importer(815301076,1909f56bfc062723c751e8b465ee728b)
Start importing Assets/3rd Party/MyBox/Types/SceneReference.cs using Guid(a01c2dc505e0ab341958183247f3629c) Importer(815301076,1909f56bfc062723c751e8b465ee728b)  -> (artifact id: '02fa8f8c9c17a9f7c0ad87b1c85405c9') in 0.005350 seconds
  Import took 0.010425 seconds .

========================================================================
Received Import Request.
  Time since last request: 0.001796 seconds.
  path: Assets/Scripts/Utility/Grid System/GridObject.cs
  artifactKey: Guid(6f559064feb7e1a43909ee5c41a22174) Importer(815301076,1909f56bfc062723c751e8b465ee728b)
Start importing Assets/Scripts/Utility/Grid System/GridObject.cs using Guid(6f559064feb7e1a43909ee5c41a22174) Importer(815301076,1909f56bfc062723c751e8b465ee728b)  -> (artifact id: 'efad408403a49645a405e3aca5e9d7e0') in 0.005496 seconds
  Import took 0.028643 seconds .

========================================================================
Received Import Request.
  Time since last request: 0.001735 seconds.
  path: Assets/Scripts/Utility/Grid System/GridVisualizer.cs
  artifactKey: Guid(0c21211aad5ee0341877e9711a579902) Importer(815301076,1909f56bfc062723c751e8b465ee728b)
Start importing Assets/Scripts/Utility/Grid System/GridVisualizer.cs using Guid(0c21211aad5ee0341877e9711a579902) Importer(815301076,1909f56bfc062723c751e8b465ee728b)  -> (artifact id: '76b35982704a8d482dbb263c9f2d4059') in 0.005344 seconds
  Import took 0.029982 seconds .

========================================================================
Received Import Request.
  Time since last request: 0.005200 seconds.
  path: Assets/3rd Party/MyBox/Types/UIFollow.cs
  artifactKey: Guid(82cf416578b148d9ae86cde7de85a237) Importer(815301076,1909f56bfc062723c751e8b465ee728b)
Start importing Assets/3rd Party/MyBox/Types/UIFollow.cs using Guid(82cf416578b148d9ae86cde7de85a237) Importer(815301076,1909f56bfc062723c751e8b465ee728b)  -> (artifact id: '3e967eb13b50d83e324eefff09c4f908') in 0.005537 seconds
  Import took 0.055729 seconds .

========================================================================
Received Import Request.
  Time since last request: 0.004322 seconds.
  path: Assets/3rd Party/MyBox/Attributes/ConstantsSelectionAttribute.cs
  artifactKey: Guid(d93e4517d0ec49138d37edab20cacd2f) Importer(815301076,1909f56bfc062723c751e8b465ee728b)
Start importing Assets/3rd Party/MyBox/Attributes/ConstantsSelectionAttribute.cs using Guid(d93e4517d0ec49138d37edab20cacd2f) Importer(815301076,1909f56bfc062723c751e8b465ee728b)  -> (artifact id: '985838042e6a55f8b51bc236a2070057') in 0.006021 seconds
  Import took 0.028328 seconds .

========================================================================
Received Import Request.
  Time since last request: 0.005082 seconds.
  path: Assets/3rd Party/MyBox/Extensions/MyLayers.cs
  artifactKey: Guid(1384bb44b455c8f4ab5532ea77e23655) Importer(815301076,1909f56bfc062723c751e8b465ee728b)
Start importing Assets/3rd Party/MyBox/Extensions/MyLayers.cs using Guid(1384bb44b455c8f4ab5532ea77e23655) Importer(815301076,1909f56bfc062723c751e8b465ee728b)  -> (artifact id: '152c97866cbb1c98fe01076449aa4618') in 0.004943 seconds
  Import took 0.024167 seconds .

========================================================================
Received Import Request.
  Time since last request: 0.005161 seconds.
  path: Assets/3rd Party/MyBox/Attributes/SpriteLayerAttribute.cs
  artifactKey: Guid(1f05661da7d39cf418051ccfb13eb5a9) Importer(815301076,1909f56bfc062723c751e8b465ee728b)
Start importing Assets/3rd Party/MyBox/Attributes/SpriteLayerAttribute.cs using Guid(1f05661da7d39cf418051ccfb13eb5a9) Importer(815301076,1909f56bfc062723c751e8b465ee728b)  -> (artifact id: '6e6895d9211cd177231d3fa79edb4b4d') in 0.005786 seconds
  Import took 0.024160 seconds .

========================================================================
Received Import Request.
  Time since last request: 0.005112 seconds.
  path: Assets/3rd Party/MyBox/Tools/Features/SerializedPropertyViewer.cs
  artifactKey: Guid(f9ef337440a6d114788a9d3cd1807942) Importer(815301076,1909f56bfc062723c751e8b465ee728b)
Start importing Assets/3rd Party/MyBox/Tools/Features/SerializedPropertyViewer.cs using Guid(f9ef337440a6d114788a9d3cd1807942) Importer(815301076,1909f56bfc062723c751e8b465ee728b)  -> (artifact id: '382be485211866ab6847e8435ad4c7bb') in 0.005636 seconds
  Import took 0.099168 seconds .

========================================================================
Received Import Request.
  Time since last request: 0.004716 seconds.
  path: Assets/3rd Party/MyBox/Extensions/MyMath.cs
  artifactKey: Guid(bd752117992a3d143aff581f379f41fc) Importer(815301076,1909f56bfc062723c751e8b465ee728b)
Start importing Assets/3rd Party/MyBox/Extensions/MyMath.cs using Guid(bd752117992a3d143aff581f379f41fc) Importer(815301076,1909f56bfc062723c751e8b465ee728b)  -> (artifact id: 'a6f2775ee6afe01e7a633e9da8b192f3') in 0.004878 seconds
  Import took 0.009603 seconds .

========================================================================
Received Import Request.
  Time since last request: 0.004651 seconds.
  path: Assets/3rd Party/MyBox/Types/GUID/GUIDEditor/GuidComponentDrawer.cs
  artifactKey: Guid(d391a6c68619db747b22b71468282c7f) Importer(815301076,1909f56bfc062723c751e8b465ee728b)
Start importing Assets/3rd Party/MyBox/Types/GUID/GUIDEditor/GuidComponentDrawer.cs using Guid(d391a6c68619db747b22b71468282c7f) Importer(815301076,1909f56bfc062723c751e8b465ee728b)  -> (artifact id: '64506a4df16b8a5372c7841c03b74b79') in 0.006222 seconds
  Import took 0.037412 seconds .

========================================================================
Received Import Request.
  Time since last request: 0.005491 seconds.
  path: Assets/3rd Party/MyBox/Tools/Undone/ECS/MyECSExtensions.cs
  artifactKey: Guid(76bb7caae8c5e2c4f8459d157de8b32a) Importer(815301076,1909f56bfc062723c751e8b465ee728b)
Start importing Assets/3rd Party/MyBox/Tools/Undone/ECS/MyECSExtensions.cs using Guid(76bb7caae8c5e2c4f8459d157de8b32a) Importer(815301076,1909f56bfc062723c751e8b465ee728b)  -> (artifact id: '89f9bc54f9ce660f9985f4b356756304') in 0.014438 seconds
  Import took 0.034636 seconds .

========================================================================
Received Import Request.
  Time since last request: 0.004934 seconds.
  path: Assets/3rd Party/MyBox/Tools/Features/AutoSaveFeature.cs
  artifactKey: Guid(ec5948f15936d6b4fbe4dc7635a7ba69) Importer(815301076,1909f56bfc062723c751e8b465ee728b)
Start importing Assets/3rd Party/MyBox/Tools/Features/AutoSaveFeature.cs using Guid(ec5948f15936d6b4fbe4dc7635a7ba69) Importer(815301076,1909f56bfc062723c751e8b465ee728b)  -> (artifact id: 'aa1121d07a7de19edde0e65706f56eca') in 0.005859 seconds
  Import took 0.068372 seconds .

========================================================================
Received Import Request.
  Time since last request: 0.005974 seconds.
  path: Assets/3rd Party/MyBox/Types/AssetFolderPath.cs
  artifactKey: Guid(c5b0377a856a42d880420a1046711a8a) Importer(815301076,1909f56bfc062723c751e8b465ee728b)
Start importing Assets/3rd Party/MyBox/Types/AssetFolderPath.cs using Guid(c5b0377a856a42d880420a1046711a8a) Importer(815301076,1909f56bfc062723c751e8b465ee728b)  -> (artifact id: '885b9abda1700710f95be6ad3ce424cf') in 0.005838 seconds
  Import took 0.025012 seconds .

========================================================================
Received Import Request.
  Time since last request: 0.004927 seconds.
  path: Assets/3rd Party/MyBox/Tools/Features/SelectionHistoryHotkeys.cs
  artifactKey: Guid(6ec1e19b0f91485aab3602dbace52692) Importer(815301076,1909f56bfc062723c751e8b465ee728b)
Start importing Assets/3rd Party/MyBox/Tools/Features/SelectionHistoryHotkeys.cs using Guid(6ec1e19b0f91485aab3602dbace52692) Importer(815301076,1909f56bfc062723c751e8b465ee728b)  -> (artifact id: '94d0a1f605dfec04ebbdf9504f038f68') in 0.005924 seconds
  Import took 0.026582 seconds .

========================================================================
Received Import Request.
  Time since last request: 0.005560 seconds.
  path: Assets/3rd Party/MyBox/Attributes/MustBeAssignedAttribute.cs
  artifactKey: Guid(cba7129e39e007e48a973ba3aa491562) Importer(815301076,1909f56bfc062723c751e8b465ee728b)
Start importing Assets/3rd Party/MyBox/Attributes/MustBeAssignedAttribute.cs using Guid(cba7129e39e007e48a973ba3aa491562) Importer(815301076,1909f56bfc062723c751e8b465ee728b)  -> (artifact id: '97020b24b694764841fff27d10c07c06') in 0.006397 seconds
  Import took 0.012453 seconds .

========================================================================
Received Import Request.
  Time since last request: 0.005573 seconds.
  path: Assets/3rd Party/MyBox/Tools/Undone/MyBundleUtility.cs
  artifactKey: Guid(f30b5785ee17f6c48a1b8fe767149516) Importer(815301076,1909f56bfc062723c751e8b465ee728b)
Start importing Assets/3rd Party/MyBox/Tools/Undone/MyBundleUtility.cs using Guid(f30b5785ee17f6c48a1b8fe767149516) Importer(815301076,1909f56bfc062723c751e8b465ee728b)  -> (artifact id: '0cad62f042edfa86d42f12051feb24d2') in 0.005252 seconds
  Import took 0.020859 seconds .

========================================================================
Received Import Request.
  Time since last request: 0.005063 seconds.
  path: Assets/3rd Party/MyBox/Attributes/ConditionalFieldAttribute.cs
  artifactKey: Guid(4f0c8c14a34cc7b4c8ee94ff351a2902) Importer(815301076,1909f56bfc062723c751e8b465ee728b)
Start importing Assets/3rd Party/MyBox/Attributes/ConditionalFieldAttribute.cs using Guid(4f0c8c14a34cc7b4c8ee94ff351a2902) Importer(815301076,1909f56bfc062723c751e8b465ee728b)  -> (artifact id: 'e1ed8420e3a7cb68ce5909bd6f01b1a2') in 0.005831 seconds
  Import took 0.052894 seconds .

========================================================================
Received Import Request.
  Time since last request: 0.004880 seconds.
  path: Assets/3rd Party/MyBox/Tools/Internal/UnityObjectEditor.cs
  artifactKey: Guid(e53afb9413554e64be65650721f4bb12) Importer(815301076,1909f56bfc062723c751e8b465ee728b)
Start importing Assets/3rd Party/MyBox/Tools/Internal/UnityObjectEditor.cs using Guid(e53afb9413554e64be65650721f4bb12) Importer(815301076,1909f56bfc062723c751e8b465ee728b)  -> (artifact id: '80137c218e0451d8062f2b9310922931') in 0.006125 seconds
  Import took 0.056901 seconds .

========================================================================
Received Import Request.
  Time since last request: 0.004721 seconds.
  path: Assets/3rd Party/MyBox/Types/EditorTypes/ReorderableCollection.cs
  artifactKey: Guid(a8079b7376c142bf9e6258a4daf14cfa) Importer(815301076,1909f56bfc062723c751e8b465ee728b)
Start importing Assets/3rd Party/MyBox/Types/EditorTypes/ReorderableCollection.cs using Guid(a8079b7376c142bf9e6258a4daf14cfa) Importer(815301076,1909f56bfc062723c751e8b465ee728b)  -> (artifact id: '07b4d8e1613d8a9df78e8dfe9e594856') in 0.005432 seconds
  Import took 0.014871 seconds .

========================================================================
Received Import Request.
  Time since last request: 0.005173 seconds.
  path: Assets/3rd Party/MyBox/Tools/ImageStringConverter/ImageToStringConverterEditor.cs
  artifactKey: Guid(2f8a2783431c4464bf7643f078e3e716) Importer(815301076,1909f56bfc062723c751e8b465ee728b)
Start importing Assets/3rd Party/MyBox/Tools/ImageStringConverter/ImageToStringConverterEditor.cs using Guid(2f8a2783431c4464bf7643f078e3e716) Importer(815301076,1909f56bfc062723c751e8b465ee728b)  -> (artifact id: '3e86e661636243a0b81edb1dc2d3b50f') in 0.005878 seconds
  Import took 0.010915 seconds .

========================================================================
Received Import Request.
  Time since last request: 0.005017 seconds.
  path: Assets/3rd Party/MyBox/Attributes/SeparatorAttribute.cs
  artifactKey: Guid(5b55cf9f9427edf4f94a66bc2a6b14b3) Importer(815301076,1909f56bfc062723c751e8b465ee728b)
Start importing Assets/3rd Party/MyBox/Attributes/SeparatorAttribute.cs using Guid(5b55cf9f9427edf4f94a66bc2a6b14b3) Importer(815301076,1909f56bfc062723c751e8b465ee728b)  -> (artifact id: '95a4c0d4e546ad1a0aa3a410ed963b20') in 0.006966 seconds
  Import took 0.027158 seconds .

========================================================================
Received Import Request.
  Time since last request: 0.002256 seconds.
  path: Assets/Scripts/Utility/Serialization/Editor/SerializableDictionaryPropertyDrawer.cs
  artifactKey: Guid(9a92ee76fb0c7ad42b5328e805a497ea) Importer(815301076,1909f56bfc062723c751e8b465ee728b)
Start importing Assets/Scripts/Utility/Serialization/Editor/SerializableDictionaryPropertyDrawer.cs using Guid(9a92ee76fb0c7ad42b5328e805a497ea) Importer(815301076,1909f56bfc062723c751e8b465ee728b)  -> (artifact id: '15850978b59c1ce0fb2bbfb5933c2ae3') in 0.006258 seconds
  Import took 0.011871 seconds .

========================================================================
Received Import Request.
  Time since last request: 0.005782 seconds.
  path: Assets/3rd Party/MyBox/Extensions/MyVectors.cs
  artifactKey: Guid(29650b3897e9f0b4fb59619cf59236f7) Importer(815301076,1909f56bfc062723c751e8b465ee728b)
Start importing Assets/3rd Party/MyBox/Extensions/MyVectors.cs using Guid(29650b3897e9f0b4fb59619cf59236f7) Importer(815301076,1909f56bfc062723c751e8b465ee728b)  -> (artifact id: 'bcd3c0d8928d6ccbe889003b9e58f4f0') in 0.007007 seconds
  Import took 0.051177 seconds .

========================================================================
Received Import Request.
  Time since last request: 0.002099 seconds.
  path: Assets/Scripts/Utility/Serialization/SerializableHashSet.cs
  artifactKey: Guid(b43920aeb530a1a4d838b80ad4b5ab47) Importer(815301076,1909f56bfc062723c751e8b465ee728b)
Start importing Assets/Scripts/Utility/Serialization/SerializableHashSet.cs using Guid(b43920aeb530a1a4d838b80ad4b5ab47) Importer(815301076,1909f56bfc062723c751e8b465ee728b)  -> (artifact id: '8ed7bff4c31605953ce0e79f2463a181') in 0.007185 seconds
  Import took 0.016085 seconds .

========================================================================
Received Import Request.
  Time since last request: 0.005484 seconds.
  path: Assets/3rd Party/MyBox/Tools/Undone/JsonDataManager/JsonDataManagerEditor/JsonDataEditor.cs
  artifactKey: Guid(1a19967c6a3445647bb207b94c7efa79) Importer(815301076,1909f56bfc062723c751e8b465ee728b)
Start importing Assets/3rd Party/MyBox/Tools/Undone/JsonDataManager/JsonDataManagerEditor/JsonDataEditor.cs using Guid(1a19967c6a3445647bb207b94c7efa79) Importer(815301076,1909f56bfc062723c751e8b465ee728b)  -> (artifact id: 'c958229d10fa395374fcd943a23a0e4a') in 0.006344 seconds
  Import took 0.047380 seconds .

========================================================================
Received Import Request.
  Time since last request: 0.009053 seconds.
  path: Assets/3rd Party/MyBox/Types/EditorTypes/ConditionallyColoredGUIBlock.cs
  artifactKey: Guid(39b867fda15ebe443a93712a809c93c1) Importer(815301076,1909f56bfc062723c751e8b465ee728b)
Start importing Assets/3rd Party/MyBox/Types/EditorTypes/ConditionallyColoredGUIBlock.cs using Guid(39b867fda15ebe443a93712a809c93c1) Importer(815301076,1909f56bfc062723c751e8b465ee728b)  -> (artifact id: '380a4aa339d065fb3df6069040954112') in 0.006850 seconds
  Import took 0.047226 seconds .

========================================================================
Received Import Request.
  Time since last request: 0.005618 seconds.
  path: Assets/3rd Party/MyBox/Extensions/EditorExtensions/MyIconPresets.cs
  artifactKey: Guid(c2f80a0e28274befa5a705de0edbf6b2) Importer(815301076,1909f56bfc062723c751e8b465ee728b)
Start importing Assets/3rd Party/MyBox/Extensions/EditorExtensions/MyIconPresets.cs using Guid(c2f80a0e28274befa5a705de0edbf6b2) Importer(815301076,1909f56bfc062723c751e8b465ee728b)  -> (artifact id: '6ca670e623c16c4696127d9e07e23745') in 0.007019 seconds
  Import took 0.056257 seconds .

========================================================================
Received Import Request.
  Time since last request: 0.009399 seconds.
  path: Assets/Scripts/Utility/DataManipulation/CastList.cs
  artifactKey: Guid(5854f68e084954547b2b73b3db49074f) Importer(815301076,1909f56bfc062723c751e8b465ee728b)
Start importing Assets/Scripts/Utility/DataManipulation/CastList.cs using Guid(5854f68e084954547b2b73b3db49074f) Importer(815301076,1909f56bfc062723c751e8b465ee728b)  -> (artifact id: 'e4bd9cdef3d59deb4b18059fede8317f') in 0.016812 seconds
  Import took 0.034950 seconds .

========================================================================
Received Import Request.
  Time since last request: 0.014420 seconds.
  path: Assets/3rd Party/MyBox/Extensions/TransformShakeExtension.cs
  artifactKey: Guid(4cd2d7ed03144d51af5a064aff2d3760) Importer(815301076,1909f56bfc062723c751e8b465ee728b)
Start importing Assets/3rd Party/MyBox/Extensions/TransformShakeExtension.cs using Guid(4cd2d7ed03144d51af5a064aff2d3760) Importer(815301076,1909f56bfc062723c751e8b465ee728b)  -> (artifact id: 'a23297b6b93e06122abafbf1bc383814') in 0.014011 seconds
  Import took 0.044258 seconds .

========================================================================
Received Import Request.
  Time since last request: 0.008854 seconds.
  path: Assets/3rd Party/MyBox/Attributes/ButtonMethodAttribute.cs
  artifactKey: Guid(e96e2e6d8d1626c4abf4c413bc489af0) Importer(815301076,1909f56bfc062723c751e8b465ee728b)
Start importing Assets/3rd Party/MyBox/Attributes/ButtonMethodAttribute.cs using Guid(e96e2e6d8d1626c4abf4c413bc489af0) Importer(815301076,1909f56bfc062723c751e8b465ee728b)  -> (artifact id: '3bf6686ec5eb43c5fb69940d486e834a') in 0.005964 seconds
  Import took 0.027449 seconds .

========================================================================
Received Import Request.
  Time since last request: 0.001977 seconds.
  path: Assets/Scripts/Utility/DataManipulation/UtilStructs.cs
  artifactKey: Guid(bf81c2a939beb714294320e92a8044d8) Importer(815301076,1909f56bfc062723c751e8b465ee728b)
Start importing Assets/Scripts/Utility/DataManipulation/UtilStructs.cs using Guid(bf81c2a939beb714294320e92a8044d8) Importer(815301076,1909f56bfc062723c751e8b465ee728b)  -> (artifact id: 'b63949489898d5437e0cf00375c4d4ce') in 0.013610 seconds
  Import took 0.023612 seconds .

========================================================================
Received Import Request.
  Time since last request: 0.005462 seconds.
  path: Assets/3rd Party/MyBox/Types/GUID/GuidReference.cs
  artifactKey: Guid(061c5c53f1e3d044fbe53d54e6f5ceb9) Importer(815301076,1909f56bfc062723c751e8b465ee728b)
Start importing Assets/3rd Party/MyBox/Types/GUID/GuidReference.cs using Guid(061c5c53f1e3d044fbe53d54e6f5ceb9) Importer(815301076,1909f56bfc062723c751e8b465ee728b)  -> (artifact id: '81376da8536a88c07c571163ff43717f') in 0.006080 seconds
  Import took 0.013326 seconds .

========================================================================
Received Import Request.
  Time since last request: 0.004699 seconds.
  path: Assets/3rd Party/MyBox/Types/MinMax.cs
  artifactKey: Guid(09481c105437911469e8eaac9c304db4) Importer(815301076,1909f56bfc062723c751e8b465ee728b)
Start importing Assets/3rd Party/MyBox/Types/MinMax.cs using Guid(09481c105437911469e8eaac9c304db4) Importer(815301076,1909f56bfc062723c751e8b465ee728b)  -> (artifact id: '388dd575945f8c61d4c3c5db57e24b08') in 0.005817 seconds
  Import took 0.011186 seconds .

========================================================================
Received Import Request.
  Time since last request: 0.005177 seconds.
  path: Assets/3rd Party/MyBox/Extensions/EditorExtensions/MyGUI.cs
  artifactKey: Guid(6be3865b984cad4488a515d4047a1e6c) Importer(815301076,1909f56bfc062723c751e8b465ee728b)
Start importing Assets/3rd Party/MyBox/Extensions/EditorExtensions/MyGUI.cs using Guid(6be3865b984cad4488a515d4047a1e6c) Importer(815301076,1909f56bfc062723c751e8b465ee728b)  -> (artifact id: '6a5f754ed4a2983b664ff0f6f3873b75') in 0.005709 seconds
  Import took 0.010241 seconds .

========================================================================
Received Import Request.
  Time since last request: 0.004791 seconds.
  path: Assets/3rd Party/MyBox/Types/AssetPath.cs
  artifactKey: Guid(d6bdce985c9d49fc95b005025663e606) Importer(815301076,1909f56bfc062723c751e8b465ee728b)
Start importing Assets/3rd Party/MyBox/Types/AssetPath.cs using Guid(d6bdce985c9d49fc95b005025663e606) Importer(815301076,1909f56bfc062723c751e8b465ee728b)  -> (artifact id: '9c1e985c01fd66d7c21039de700002a2') in 0.005315 seconds
  Import took 0.028641 seconds .

========================================================================
Received Import Request.
  Time since last request: 0.004943 seconds.
  path: Assets/3rd Party/MyBox/Types/EditorTypes/ScrollViewBlock.cs
  artifactKey: Guid(945efb5cb70bac240b6d8fe987f009c9) Importer(815301076,1909f56bfc062723c751e8b465ee728b)
Start importing Assets/3rd Party/MyBox/Types/EditorTypes/ScrollViewBlock.cs using Guid(945efb5cb70bac240b6d8fe987f009c9) Importer(815301076,1909f56bfc062723c751e8b465ee728b)  -> (artifact id: 'd361e7131a99b0b95860196209de722e') in 0.005226 seconds
  Import took 0.018429 seconds .

========================================================================
Received Import Request.
  Time since last request: 0.004709 seconds.
  path: Assets/3rd Party/MyBox/Types/FPSCounter.cs
  artifactKey: Guid(3b7bca08cff38b447b15fea934b94383) Importer(815301076,1909f56bfc062723c751e8b465ee728b)
Start importing Assets/3rd Party/MyBox/Types/FPSCounter.cs using Guid(3b7bca08cff38b447b15fea934b94383) Importer(815301076,1909f56bfc062723c751e8b465ee728b)  -> (artifact id: '0864ad8e8689593d34512286d5ba5f85') in 0.006192 seconds
  Import took 0.026339 seconds .

========================================================================
Received Import Request.
  Time since last request: 0.004425 seconds.
  path: Assets/3rd Party/MyBox/Types/GUID/GUIDEditor/GuidReferenceDrawer.cs
  artifactKey: Guid(d2bca965b1349294cab5244279477c6d) Importer(815301076,1909f56bfc062723c751e8b465ee728b)
Start importing Assets/3rd Party/MyBox/Types/GUID/GUIDEditor/GuidReferenceDrawer.cs using Guid(d2bca965b1349294cab5244279477c6d) Importer(815301076,1909f56bfc062723c751e8b465ee728b)  -> (artifact id: 'aea390316c4e9163c70dc9b4faf5ee05') in 0.005671 seconds
  Import took 0.014585 seconds .

========================================================================
Received Import Request.
  Time since last request: 0.005194 seconds.
  path: Assets/3rd Party/MyBox/Extensions/MyInput.cs
  artifactKey: Guid(342ab573c5061db4f873c516dfe88822) Importer(815301076,1909f56bfc062723c751e8b465ee728b)
Start importing Assets/3rd Party/MyBox/Extensions/MyInput.cs using Guid(342ab573c5061db4f873c516dfe88822) Importer(815301076,1909f56bfc062723c751e8b465ee728b)  -> (artifact id: '366b6403a7cbf3c732c68cc7698edbfa') in 0.005413 seconds
  Import took 0.061650 seconds .

========================================================================
Received Import Request.
  Time since last request: 0.005807 seconds.
  path: Assets/3rd Party/MyBox/Tools/MyEditorEvents.cs
  artifactKey: Guid(d01553cfc6df446786243bccf35573da) Importer(815301076,1909f56bfc062723c751e8b465ee728b)
Start importing Assets/3rd Party/MyBox/Tools/MyEditorEvents.cs using Guid(d01553cfc6df446786243bccf35573da) Importer(815301076,1909f56bfc062723c751e8b465ee728b)  -> (artifact id: '73d51a105f43ac4ba7244f37b32583ad') in 0.005893 seconds
  Import took 0.028640 seconds .

========================================================================
Received Import Request.
  Time since last request: 0.005093 seconds.
  path: Assets/3rd Party/MyBox/Attributes/LayerAttribute.cs
  artifactKey: Guid(979d3d332ae931a4f8dc8aaf52644f0c) Importer(815301076,1909f56bfc062723c751e8b465ee728b)
Start importing Assets/3rd Party/MyBox/Attributes/LayerAttribute.cs using Guid(979d3d332ae931a4f8dc8aaf52644f0c) Importer(815301076,1909f56bfc062723c751e8b465ee728b)  -> (artifact id: 'e2c8b762d74ae3f37a860a30696e1053') in 0.006015 seconds
  Import took 0.034669 seconds .

========================================================================
Received Import Request.
  Time since last request: 0.004806 seconds.
  path: Assets/3rd Party/MyBox/Tools/Undone/JsonDataManager/JsonDataManager.cs
  artifactKey: Guid(a3b82b4b7bf89094fb3550b690706a5b) Importer(815301076,1909f56bfc062723c751e8b465ee728b)
Start importing Assets/3rd Party/MyBox/Tools/Undone/JsonDataManager/JsonDataManager.cs using Guid(a3b82b4b7bf89094fb3550b690706a5b) Importer(815301076,1909f56bfc062723c751e8b465ee728b)  -> (artifact id: '381bfa712833aaeb3abd221f76493ab9') in 0.005402 seconds
  Import took 0.029287 seconds .

========================================================================
Received Import Request.
  Time since last request: 0.004753 seconds.
  path: Assets/3rd Party/MyBox/Types/OptionalMinMax.cs
  artifactKey: Guid(e01709a13cd37154484e0ef58ac23652) Importer(815301076,1909f56bfc062723c751e8b465ee728b)
Start importing Assets/3rd Party/MyBox/Types/OptionalMinMax.cs using Guid(e01709a13cd37154484e0ef58ac23652) Importer(815301076,1909f56bfc062723c751e8b465ee728b)  -> (artifact id: '95098c8da01200d8c7d5eaeff622fe23') in 0.005724 seconds
  Import took 0.010949 seconds .

========================================================================
Received Import Request.
  Time since last request: 0.001877 seconds.
  path: Assets/Scripts/Utility/Audio/AudioStorage.cs
  artifactKey: Guid(afe5c95e1ec0e804a9d69c2a6ef8bfbb) Importer(815301076,1909f56bfc062723c751e8b465ee728b)
Start importing Assets/Scripts/Utility/Audio/AudioStorage.cs using Guid(afe5c95e1ec0e804a9d69c2a6ef8bfbb) Importer(815301076,1909f56bfc062723c751e8b465ee728b)  -> (artifact id: 'b8dc7e0a37218510ba2263912be337d0') in 0.004931 seconds
  Import took 0.040805 seconds .

========================================================================
Received Import Request.
  Time since last request: 0.004841 seconds.
  path: Assets/3rd Party/MyBox/Tools/ImageStringConverter/ImageStringConverter.cs
  artifactKey: Guid(cc6dd669bedc4c9692041cf335dfa495) Importer(815301076,1909f56bfc062723c751e8b465ee728b)
Start importing Assets/3rd Party/MyBox/Tools/ImageStringConverter/ImageStringConverter.cs using Guid(cc6dd669bedc4c9692041cf335dfa495) Importer(815301076,1909f56bfc062723c751e8b465ee728b)  -> (artifact id: '0325ffbcfeaba28a3bfccf470836fb9d') in 0.018187 seconds
  Import took 0.023455 seconds .

========================================================================
Received Import Request.
  Time since last request: 0.004813 seconds.
  path: Assets/3rd Party/MyBox/Tools/Undone/MyLogger.cs
  artifactKey: Guid(c0b2c2e8ccd8d834f8744afc7c658044) Importer(815301076,1909f56bfc062723c751e8b465ee728b)
Start importing Assets/3rd Party/MyBox/Tools/Undone/MyLogger.cs using Guid(c0b2c2e8ccd8d834f8744afc7c658044) Importer(815301076,1909f56bfc062723c751e8b465ee728b)  -> (artifact id: '78129e99b818f5dc36c0572be9339b14') in 0.005835 seconds
  Import took 0.010825 seconds .

========================================================================
Received Import Request.
  Time since last request: 0.005257 seconds.
  path: Assets/3rd Party/MyBox/Types/EditorTypes/SceneClickHandler.cs
  artifactKey: Guid(7a348743aa5178f4db1a0b4fcb9bad39) Importer(815301076,1909f56bfc062723c751e8b465ee728b)
Start importing Assets/3rd Party/MyBox/Types/EditorTypes/SceneClickHandler.cs using Guid(7a348743aa5178f4db1a0b4fcb9bad39) Importer(815301076,1909f56bfc062723c751e8b465ee728b)  -> (artifact id: '6dda3d372eaca68cd74699ada9bc296d') in 0.005711 seconds
  Import took 0.010294 seconds .

========================================================================
Received Import Request.
  Time since last request: 0.002273 seconds.
  path: Assets/Scripts/Utility/Collision/TriggerEventHandler.cs
  artifactKey: Guid(4f679fb7f26561d489243a6eb94afe4d) Importer(815301076,1909f56bfc062723c751e8b465ee728b)
Start importing Assets/Scripts/Utility/Collision/TriggerEventHandler.cs using Guid(4f679fb7f26561d489243a6eb94afe4d) Importer(815301076,1909f56bfc062723c751e8b465ee728b)  -> (artifact id: 'd0feb6ef3aa07e23b9d45039065e441d') in 0.006235 seconds
  Import took 0.028185 seconds .

========================================================================
Received Import Request.
  Time since last request: 0.001741 seconds.
  path: Assets/Scripts/Utility/Collision/CollideEventHandler.cs
  artifactKey: Guid(cd26aa2c631d2f34cb7e044514311b9a) Importer(815301076,1909f56bfc062723c751e8b465ee728b)
Start importing Assets/Scripts/Utility/Collision/CollideEventHandler.cs using Guid(cd26aa2c631d2f34cb7e044514311b9a) Importer(815301076,1909f56bfc062723c751e8b465ee728b)  -> (artifact id: 'e4d2ddb423af278133395182525092c6') in 0.010709 seconds
  Import took 0.015147 seconds .

========================================================================
Received Import Request.
  Time since last request: 0.004884 seconds.
  path: Assets/3rd Party/MyBox/Attributes/RequireTagAttribute.cs
  artifactKey: Guid(4ab3a785f0a04eeeb2b90de6430cef9e) Importer(815301076,1909f56bfc062723c751e8b465ee728b)
Start importing Assets/3rd Party/MyBox/Attributes/RequireTagAttribute.cs using Guid(4ab3a785f0a04eeeb2b90de6430cef9e) Importer(815301076,1909f56bfc062723c751e8b465ee728b)  -> (artifact id: 'f7ddd187f36126a842366bb90c5af8f4') in 0.005378 seconds
  Import took 0.044558 seconds .

========================================================================
Received Import Request.
  Time since last request: 0.004833 seconds.
  path: Assets/3rd Party/MyBox/Tools/MySceneBundle.cs
  artifactKey: Guid(fec9f9b806264926bde41b66bc712e03) Importer(815301076,1909f56bfc062723c751e8b465ee728b)
Start importing Assets/3rd Party/MyBox/Tools/MySceneBundle.cs using Guid(fec9f9b806264926bde41b66bc712e03) Importer(815301076,1909f56bfc062723c751e8b465ee728b)  -> (artifact id: '552f8a6d6e6cb23cb33f6079b859ba24') in 0.005773 seconds
  Import took 0.033871 seconds .

========================================================================
Received Import Request.
  Time since last request: 0.004825 seconds.
  path: Assets/3rd Party/MyBox/Types/AnimationStateReference.cs
  artifactKey: Guid(85d01a383f214971be2d1767367b2dd0) Importer(815301076,1909f56bfc062723c751e8b465ee728b)
Start importing Assets/3rd Party/MyBox/Types/AnimationStateReference.cs using Guid(85d01a383f214971be2d1767367b2dd0) Importer(815301076,1909f56bfc062723c751e8b465ee728b)  -> (artifact id: 'c258c2200e0ee340c57a37c97fd103ec') in 0.005537 seconds
  Import took 0.010762 seconds .

========================================================================
Received Import Request.
  Time since last request: 0.004988 seconds.
  path: Assets/3rd Party/MyBox/Types/Billboard.cs
  artifactKey: Guid(3ec44ed11e3fdf541937f2a2b8c62d87) Importer(815301076,1909f56bfc062723c751e8b465ee728b)
Start importing Assets/3rd Party/MyBox/Types/Billboard.cs using Guid(3ec44ed11e3fdf541937f2a2b8c62d87) Importer(815301076,1909f56bfc062723c751e8b465ee728b)  -> (artifact id: '3995817a0dc36ea0692859338d6be402') in 0.005846 seconds
  Import took 0.010842 seconds .

========================================================================
Received Import Request.
  Time since last request: 0.004738 seconds.
  path: Assets/3rd Party/MyBox/Attributes/InitializationFieldAttribute.cs
  artifactKey: Guid(dd5ef49202d6492bb39be27d203b0163) Importer(815301076,1909f56bfc062723c751e8b465ee728b)
Start importing Assets/3rd Party/MyBox/Attributes/InitializationFieldAttribute.cs using Guid(dd5ef49202d6492bb39be27d203b0163) Importer(815301076,1909f56bfc062723c751e8b465ee728b)  -> (artifact id: '968caec2f9e7b8c2e06a948736f627b3') in 0.005810 seconds
  Import took 0.011660 seconds .

========================================================================
Received Import Request.
  Time since last request: 0.001966 seconds.
  path: Assets/Scripts/Utility/Unity Extensions/LayerMaskExtensions.cs
  artifactKey: Guid(bb79baa35f034351af03581e31a8f99d) Importer(815301076,1909f56bfc062723c751e8b465ee728b)
Start importing Assets/Scripts/Utility/Unity Extensions/LayerMaskExtensions.cs using Guid(bb79baa35f034351af03581e31a8f99d) Importer(815301076,1909f56bfc062723c751e8b465ee728b)  -> (artifact id: '858eb6edb6c70ad9b3390cead0158f34') in 0.005527 seconds
  Import took 0.068726 seconds .

========================================================================
Received Import Request.
  Time since last request: 0.004770 seconds.
  path: Assets/3rd Party/MyBox/Attributes/AutoPropertyAttribute.cs
  artifactKey: Guid(5234d76d99eb402f89f4a35810990c26) Importer(815301076,1909f56bfc062723c751e8b465ee728b)
Start importing Assets/3rd Party/MyBox/Attributes/AutoPropertyAttribute.cs using Guid(5234d76d99eb402f89f4a35810990c26) Importer(815301076,1909f56bfc062723c751e8b465ee728b)  -> (artifact id: '6d04ee825d6fbd735faa019d3e21da68') in 0.005886 seconds
  Import took 0.027163 seconds .

========================================================================
Received Import Request.
  Time since last request: 0.004602 seconds.
  path: Assets/3rd Party/MyBox/Tools/Undone/JsonDataManager/JsonDataManagerEditor/JsonDataSettingsTransfer.cs
  artifactKey: Guid(d9c9c5c6a91361343bebf6473de797d8) Importer(815301076,1909f56bfc062723c751e8b465ee728b)
Start importing Assets/3rd Party/MyBox/Tools/Undone/JsonDataManager/JsonDataManagerEditor/JsonDataSettingsTransfer.cs using Guid(d9c9c5c6a91361343bebf6473de797d8) Importer(815301076,1909f56bfc062723c751e8b465ee728b)  -> (artifact id: '3a8d56b1e45868cbef9b2daa4aa7b176') in 0.005331 seconds
  Import took 0.015182 seconds .

========================================================================
Received Import Request.
  Time since last request: 0.005052 seconds.
  path: Assets/3rd Party/MyBox/Extensions/MyString.cs
  artifactKey: Guid(ca83589ffd3d55f40be15399219bd59e) Importer(815301076,1909f56bfc062723c751e8b465ee728b)
Start importing Assets/3rd Party/MyBox/Extensions/MyString.cs using Guid(ca83589ffd3d55f40be15399219bd59e) Importer(815301076,1909f56bfc062723c751e8b465ee728b)  -> (artifact id: '74124a492814a3998d665d96623836f4') in 0.005533 seconds
  Import took 0.010615 seconds .

========================================================================
Received Import Request.
  Time since last request: 0.004488 seconds.
  path: Assets/3rd Party/MyBox/Extensions/MyCoroutines.cs
  artifactKey: Guid(785844a94ee84f97aed9365809940055) Importer(815301076,1909f56bfc062723c751e8b465ee728b)
Start importing Assets/3rd Party/MyBox/Extensions/MyCoroutines.cs using Guid(785844a94ee84f97aed9365809940055) Importer(815301076,1909f56bfc062723c751e8b465ee728b)  -> (artifact id: '5231197a5b98d6a5b6a3e5ac141a84d8') in 0.005755 seconds
  Import took 0.036572 seconds .

========================================================================
Received Import Request.
  Time since last request: 0.005082 seconds.
  path: Assets/3rd Party/MyBox/Extensions/MyCollections.cs
  artifactKey: Guid(6de18df9fa1208947a40cdd99eaf83f5) Importer(815301076,1909f56bfc062723c751e8b465ee728b)
Start importing Assets/3rd Party/MyBox/Extensions/MyCollections.cs using Guid(6de18df9fa1208947a40cdd99eaf83f5) Importer(815301076,1909f56bfc062723c751e8b465ee728b)  -> (artifact id: 'fb25f999f53d643fb615806a88368d57') in 0.005906 seconds
  Import took 0.011470 seconds .

========================================================================
Received Import Request.
  Time since last request: 0.004402 seconds.
  path: Assets/3rd Party/MyBox/Tools/Features/ToggleLockHotkey.cs
  artifactKey: Guid(5abd87bf044729049b178cd2f640db97) Importer(815301076,1909f56bfc062723c751e8b465ee728b)
Start importing Assets/3rd Party/MyBox/Tools/Features/ToggleLockHotkey.cs using Guid(5abd87bf044729049b178cd2f640db97) Importer(815301076,1909f56bfc062723c751e8b465ee728b)  -> (artifact id: '46aab78b4134a9c98848c67bd685ad8f') in 0.005748 seconds
  Import took 0.024622 seconds .

========================================================================
Received Import Request.
  Time since last request: 0.004333 seconds.
  path: Assets/3rd Party/MyBox/Tools/Features/SceneViewBookmarkHotkeys.cs
  artifactKey: Guid(5a61c807ff114572a79e0fd687d2ee30) Importer(815301076,1909f56bfc062723c751e8b465ee728b)
Start importing Assets/3rd Party/MyBox/Tools/Features/SceneViewBookmarkHotkeys.cs using Guid(5a61c807ff114572a79e0fd687d2ee30) Importer(815301076,1909f56bfc062723c751e8b465ee728b)  -> (artifact id: 'a74eab8f5c05473ea1714903dd6574fd') in 0.005940 seconds
  Import took 0.010881 seconds .

========================================================================
Received Import Request.
  Time since last request: 0.004700 seconds.
  path: Assets/3rd Party/MyBox/Extensions/MyNavMesh.cs
  artifactKey: Guid(125c702ea7344424c978c39852d0004f) Importer(815301076,1909f56bfc062723c751e8b465ee728b)
Start importing Assets/3rd Party/MyBox/Extensions/MyNavMesh.cs using Guid(125c702ea7344424c978c39852d0004f) Importer(815301076,1909f56bfc062723c751e8b465ee728b)  -> (artifact id: '568bd0509bcb5d314368e5d37558b170') in 0.005635 seconds
  Import took 0.044218 seconds .

========================================================================
Received Import Request.
  Time since last request: 0.005016 seconds.
  path: Assets/3rd Party/MyBox/Attributes/AttributeBaseDrawer.cs
  artifactKey: Guid(ce6a191490f7425a984c36a53cebd36d) Importer(815301076,1909f56bfc062723c751e8b465ee728b)
Start importing Assets/3rd Party/MyBox/Attributes/AttributeBaseDrawer.cs using Guid(ce6a191490f7425a984c36a53cebd36d) Importer(815301076,1909f56bfc062723c751e8b465ee728b)  -> (artifact id: '16309d8dd8587cb458b6e0c1d3c06da4') in 0.005497 seconds
  Import took 0.037486 seconds .

========================================================================
Received Import Request.
  Time since last request: 0.005110 seconds.
  path: Assets/3rd Party/MyBox/Attributes/AttributeBase.cs
  artifactKey: Guid(816fc9d7c08c47f8b84318dce8cecf88) Importer(815301076,1909f56bfc062723c751e8b465ee728b)
Start importing Assets/3rd Party/MyBox/Attributes/AttributeBase.cs using Guid(816fc9d7c08c47f8b84318dce8cecf88) Importer(815301076,1909f56bfc062723c751e8b465ee728b)  -> (artifact id: 'e8d6d1f80ea572eecb128cd4bd735a37') in 0.005025 seconds
  Import took 0.046187 seconds .

========================================================================
Received Import Request.
  Time since last request: 0.005342 seconds.
  path: Assets/3rd Party/MyBox/Types/MyDictionary.cs
  artifactKey: Guid(83db1ec063a5ac1478f780dacf6b8d8e) Importer(815301076,1909f56bfc062723c751e8b465ee728b)
Start importing Assets/3rd Party/MyBox/Types/MyDictionary.cs using Guid(83db1ec063a5ac1478f780dacf6b8d8e) Importer(815301076,1909f56bfc062723c751e8b465ee728b)  -> (artifact id: '3821494eb333002915b3ab333e767ea9') in 0.006394 seconds
  Import took 0.010988 seconds .

========================================================================
Received Import Request.
  Time since last request: 0.005372 seconds.
  path: Assets/3rd Party/MyBox/Attributes/OverrideLabelAttribute.cs
  artifactKey: Guid(8a3118b2fddf33042bce8519708bf318) Importer(815301076,1909f56bfc062723c751e8b465ee728b)
Start importing Assets/3rd Party/MyBox/Attributes/OverrideLabelAttribute.cs using Guid(8a3118b2fddf33042bce8519708bf318) Importer(815301076,1909f56bfc062723c751e8b465ee728b)  -> (artifact id: '89e9aef8679f2f418761ee083ab053ce') in 0.006088 seconds
  Import took 0.034518 seconds .

========================================================================
Received Import Request.
  Time since last request: 0.004686 seconds.
  path: Assets/3rd Party/MyBox/Types/Reorderable.cs
  artifactKey: Guid(71b797569ec34154eb0e4d43c0225702) Importer(815301076,1909f56bfc062723c751e8b465ee728b)
Start importing Assets/3rd Party/MyBox/Types/Reorderable.cs using Guid(71b797569ec34154eb0e4d43c0225702) Importer(815301076,1909f56bfc062723c751e8b465ee728b)  -> (artifact id: 'a9cb91680e47b473f1949e0a6f4df1ff') in 0.005087 seconds
  Import took 0.010135 seconds .

========================================================================
Received Import Request.
  Time since last request: 0.005267 seconds.
  path: Assets/3rd Party/MyBox/Attributes/PositiveValueOnlyAttribute.cs
  artifactKey: Guid(9f63e31912630bf4e88f4f2e9eab2f7b) Importer(815301076,1909f56bfc062723c751e8b465ee728b)
Start importing Assets/3rd Party/MyBox/Attributes/PositiveValueOnlyAttribute.cs using Guid(9f63e31912630bf4e88f4f2e9eab2f7b) Importer(815301076,1909f56bfc062723c751e8b465ee728b)  -> (artifact id: '0244e445f7dbd069fff3011d818ba8f6') in 0.005643 seconds
  Import took 0.010715 seconds .

========================================================================
Received Import Request.
  Time since last request: 0.004943 seconds.
  path: Assets/3rd Party/MyBox/Tools/AssetPresetPreprocessor/AssetsPresetPreprocessBase.cs
  artifactKey: Guid(84c732208449492aa9663cba17a80da4) Importer(815301076,1909f56bfc062723c751e8b465ee728b)
Start importing Assets/3rd Party/MyBox/Tools/AssetPresetPreprocessor/AssetsPresetPreprocessBase.cs using Guid(84c732208449492aa9663cba17a80da4) Importer(815301076,1909f56bfc062723c751e8b465ee728b)  -> (artifact id: 'b790884f4c8891d3c74274f5a164f50d') in 0.005142 seconds
  Import took 0.027318 seconds .

========================================================================
Received Import Request.
  Time since last request: 0.004901 seconds.
  path: Assets/3rd Party/MyBox/Extensions/EditorExtensions/MyEditor.cs
  artifactKey: Guid(bca62b51cb1a1a1448d36f9c9881baff) Importer(815301076,1909f56bfc062723c751e8b465ee728b)
Start importing Assets/3rd Party/MyBox/Extensions/EditorExtensions/MyEditor.cs using Guid(bca62b51cb1a1a1448d36f9c9881baff) Importer(815301076,1909f56bfc062723c751e8b465ee728b)  -> (artifact id: 'b7a3558645c72891aa8ea849d252a919') in 0.010256 seconds
  Import took 0.015425 seconds .

========================================================================
Received Import Request.
  Time since last request: 0.013749 seconds.
  path: Assets/3rd Party/MyBox/Types/UISizeBy.cs
  artifactKey: Guid(50d8932f09624db6b87d3d9dc97de3ac) Importer(815301076,1909f56bfc062723c751e8b465ee728b)
Start importing Assets/3rd Party/MyBox/Types/UISizeBy.cs using Guid(50d8932f09624db6b87d3d9dc97de3ac) Importer(815301076,1909f56bfc062723c751e8b465ee728b)  -> (artifact id: 'b57fd01b6104b924991d045dc283e732') in 0.005720 seconds
  Import took 0.012027 seconds .

========================================================================
Received Import Request.
  Time since last request: 0.005733 seconds.
  path: Assets/3rd Party/MyBox/Types/WaitForUnscaledSeconds.cs
  artifactKey: Guid(2f06ea4ab034748499fde5d0e6d24275) Importer(815301076,1909f56bfc062723c751e8b465ee728b)
Start importing Assets/3rd Party/MyBox/Types/WaitForUnscaledSeconds.cs using Guid(2f06ea4ab034748499fde5d0e6d24275) Importer(815301076,1909f56bfc062723c751e8b465ee728b)  -> (artifact id: '7dac5cfb77c941fe32217b412501b7af') in 0.005978 seconds
  Import took 0.045288 seconds .

========================================================================
Received Import Request.
  Time since last request: 0.005428 seconds.
  path: Assets/3rd Party/MyBox/Tools/Undone/GLDraw.cs
  artifactKey: Guid(54e6acc3e64222946870d545609cbdd8) Importer(815301076,1909f56bfc062723c751e8b465ee728b)
Start importing Assets/3rd Party/MyBox/Tools/Undone/GLDraw.cs using Guid(54e6acc3e64222946870d545609cbdd8) Importer(815301076,1909f56bfc062723c751e8b465ee728b)  -> (artifact id: '167bcc72f2c290e23d2d498a31d2c6a9') in 0.005151 seconds
  Import took 0.009577 seconds .

========================================================================
Received Import Request.
  Time since last request: 0.005088 seconds.
  path: Assets/3rd Party/MyBox/Tools/Features/IPrepareFeature.cs
  artifactKey: Guid(cb4dba700ba73c64e93b8c51cfdf5ad2) Importer(815301076,1909f56bfc062723c751e8b465ee728b)
Start importing Assets/3rd Party/MyBox/Tools/Features/IPrepareFeature.cs using Guid(cb4dba700ba73c64e93b8c51cfdf5ad2) Importer(815301076,1909f56bfc062723c751e8b465ee728b)  -> (artifact id: 'eddf4b883ba0af0bac3d7effa2d227f2') in 0.006728 seconds
  Import took 0.011698 seconds .

========================================================================
Received Import Request.
  Time since last request: 0.005180 seconds.
  path: Assets/3rd Party/MyBox/Extensions/EditorExtensions/MyScriptableObject.cs
  artifactKey: Guid(8171f05d7a400964480544072bdb0e1b) Importer(815301076,1909f56bfc062723c751e8b465ee728b)
Start importing Assets/3rd Party/MyBox/Extensions/EditorExtensions/MyScriptableObject.cs using Guid(8171f05d7a400964480544072bdb0e1b) Importer(815301076,1909f56bfc062723c751e8b465ee728b)  -> (artifact id: 'ed483f9e66c1e5d6768774b632a1a8e9') in 0.005706 seconds
  Import took 0.043069 seconds .

========================================================================
Received Import Request.
  Time since last request: 0.021476 seconds.
  path: Assets/3rd Party/MyBox/Attributes/MinValueAttribute.cs
  artifactKey: Guid(7a6fc14799014e3ea82c8158bd477aca) Importer(815301076,1909f56bfc062723c751e8b465ee728b)
Start importing Assets/3rd Party/MyBox/Attributes/MinValueAttribute.cs using Guid(7a6fc14799014e3ea82c8158bd477aca) Importer(815301076,1909f56bfc062723c751e8b465ee728b)  -> (artifact id: '22680368e6c112a03ea5f0588d4281cd') in 0.005718 seconds
  Import took 0.041099 seconds .

========================================================================
Received Import Request.
  Time since last request: 0.005099 seconds.
  path: Assets/3rd Party/MyBox/Tools/Internal/MyBoxInternalPath.cs
  artifactKey: Guid(cd4c04bc7f7240958b670871b7e79094) Importer(815301076,1909f56bfc062723c751e8b465ee728b)
Start importing Assets/3rd Party/MyBox/Tools/Internal/MyBoxInternalPath.cs using Guid(cd4c04bc7f7240958b670871b7e79094) Importer(815301076,1909f56bfc062723c751e8b465ee728b)  -> (artifact id: 'f3870ac275a4dd1a8d8cb5b8b2eb16b9') in 0.006330 seconds
  Import took 0.018251 seconds .

========================================================================
Received Import Request.
  Time since last request: 0.004586 seconds.
  path: Assets/3rd Party/MyBox/Types/Optional.cs
  artifactKey: Guid(b0fd3dadb3ef42299beef4af9cb1d5b1) Importer(815301076,1909f56bfc062723c751e8b465ee728b)
Start importing Assets/3rd Party/MyBox/Types/Optional.cs using Guid(b0fd3dadb3ef42299beef4af9cb1d5b1) Importer(815301076,1909f56bfc062723c751e8b465ee728b)  -> (artifact id: '7f2df70c9a712f352b0d55a88ecdfdb4') in 0.005645 seconds
  Import took 0.030560 seconds .

========================================================================
Received Import Request.
  Time since last request: 0.005885 seconds.
  path: Assets/3rd Party/MyBox/Attributes/DisplayInspectorAttribute.cs
  artifactKey: Guid(d0a699aecc941574e9faf6a546c0e663) Importer(815301076,1909f56bfc062723c751e8b465ee728b)
Start importing Assets/3rd Party/MyBox/Attributes/DisplayInspectorAttribute.cs using Guid(d0a699aecc941574e9faf6a546c0e663) Importer(815301076,1909f56bfc062723c751e8b465ee728b)  -> (artifact id: '8a99a840e2e5176a37aadff465fa47fa') in 0.006367 seconds
  Import took 0.039733 seconds .

========================================================================
Received Import Request.
  Time since last request: 0.004810 seconds.
  path: Assets/3rd Party/MyBox/Tools/Undone/TemplatesCreator.cs
  artifactKey: Guid(080493ffe0bb73342aaf5c39dc1e91a5) Importer(815301076,1909f56bfc062723c751e8b465ee728b)
Start importing Assets/3rd Party/MyBox/Tools/Undone/TemplatesCreator.cs using Guid(080493ffe0bb73342aaf5c39dc1e91a5) Importer(815301076,1909f56bfc062723c751e8b465ee728b)  -> (artifact id: '1f4a8c462873920fbc17d6a3921fa1cb') in 0.005368 seconds
  Import took 0.074912 seconds .

========================================================================
Received Import Request.
  Time since last request: 0.001937 seconds.
  path: Assets/Scripts/Utility/Grid System/Pathfinding/Pathfinder.cs
  artifactKey: Guid(58f30032d51f7d04c8e87b6b8952fb08) Importer(815301076,1909f56bfc062723c751e8b465ee728b)
Start importing Assets/Scripts/Utility/Grid System/Pathfinding/Pathfinder.cs using Guid(58f30032d51f7d04c8e87b6b8952fb08) Importer(815301076,1909f56bfc062723c751e8b465ee728b)  -> (artifact id: '24c5e07c51ee9addee2955aa94838f13') in 0.006463 seconds
  Import took 0.049532 seconds .

========================================================================
Received Import Request.
  Time since last request: 0.016716 seconds.
  path: Assets/3rd Party/MyBox/Types/CollectionWrapper.cs
  artifactKey: Guid(e4a3ca56e8c64495af77fc8d367d7913) Importer(815301076,1909f56bfc062723c751e8b465ee728b)
Start importing Assets/3rd Party/MyBox/Types/CollectionWrapper.cs using Guid(e4a3ca56e8c64495af77fc8d367d7913) Importer(815301076,1909f56bfc062723c751e8b465ee728b)  -> (artifact id: '47e6cf9257a3515559501f5072b7b8e2') in 0.005202 seconds
  Import took 0.009598 seconds .

========================================================================
Received Import Request.
  Time since last request: 0.004483 seconds.
  path: Assets/3rd Party/MyBox/Extensions/MyColor.cs
  artifactKey: Guid(e68d75d0410432b41b3c7b066b4cb6fa) Importer(815301076,1909f56bfc062723c751e8b465ee728b)
Start importing Assets/3rd Party/MyBox/Extensions/MyColor.cs using Guid(e68d75d0410432b41b3c7b066b4cb6fa) Importer(815301076,1909f56bfc062723c751e8b465ee728b)  -> (artifact id: 'c6ed0ae547e2d2a6a27c8241b633266c') in 0.005625 seconds
  Import took 0.023268 seconds .

========================================================================
Received Import Request.
  Time since last request: 0.005062 seconds.
  path: Assets/3rd Party/MyBox/Extensions/MyExtensions.cs
  artifactKey: Guid(1aec7805ba997fb45b4db55a169a237e) Importer(815301076,1909f56bfc062723c751e8b465ee728b)
Start importing Assets/3rd Party/MyBox/Extensions/MyExtensions.cs using Guid(1aec7805ba997fb45b4db55a169a237e) Importer(815301076,1909f56bfc062723c751e8b465ee728b)  -> (artifact id: '2684d2b72ea9f6199197aaf951c15497') in 0.005894 seconds
  Import took 0.041680 seconds .

========================================================================
Received Import Request.
  Time since last request: 0.002188 seconds.
  path: Assets/Scripts/Utility/Grid System/Grid.cs
  artifactKey: Guid(0a32dc256bf647bf9e9d330a0c35d322) Importer(815301076,1909f56bfc062723c751e8b465ee728b)
Start importing Assets/Scripts/Utility/Grid System/Grid.cs using Guid(0a32dc256bf647bf9e9d330a0c35d322) Importer(815301076,1909f56bfc062723c751e8b465ee728b)  -> (artifact id: '7017165f3112a582101280a9e483261d') in 0.018843 seconds
  Import took 0.040391 seconds .

========================================================================
Received Import Request.
  Time since last request: 0.004831 seconds.
  path: Assets/3rd Party/MyBox/Tools/Internal/MyBoxVersion.cs
  artifactKey: Guid(7c2b0cdefbd748bf921af402c44e1b67) Importer(815301076,1909f56bfc062723c751e8b465ee728b)
Start importing Assets/3rd Party/MyBox/Tools/Internal/MyBoxVersion.cs using Guid(7c2b0cdefbd748bf921af402c44e1b67) Importer(815301076,1909f56bfc062723c751e8b465ee728b)  -> (artifact id: 'e04b20c16b4c3468f34203cc313185e6') in 0.006296 seconds
  Import took 0.013303 seconds .

========================================================================
Received Import Request.
  Time since last request: 0.001979 seconds.
  path: Assets/Scripts/Utility/Design Patterns/ObjectPooler.cs
  artifactKey: Guid(180d5786172abcd40b71dda86f777ba5) Importer(815301076,1909f56bfc062723c751e8b465ee728b)
Start importing Assets/Scripts/Utility/Design Patterns/ObjectPooler.cs using Guid(180d5786172abcd40b71dda86f777ba5) Importer(815301076,1909f56bfc062723c751e8b465ee728b)  -> (artifact id: '47ecb801d558622e07c2fdc04be1ca60') in 0.004694 seconds
  Import took 0.009808 seconds .

========================================================================
Received Import Request.
  Time since last request: 0.005618 seconds.
  path: Assets/3rd Party/MyBox/Types/ColliderToMesh.cs
  artifactKey: Guid(134a4a5740fe6de41bb8c6c32aeb784a) Importer(815301076,1909f56bfc062723c751e8b465ee728b)
Start importing Assets/3rd Party/MyBox/Types/ColliderToMesh.cs using Guid(134a4a5740fe6de41bb8c6c32aeb784a) Importer(815301076,1909f56bfc062723c751e8b465ee728b)  -> (artifact id: 'af0ba178e106bc9597e7678c06e3e341') in 0.006028 seconds
  Import took 0.011003 seconds .

========================================================================
Received Import Request.
  Time since last request: 0.001688 seconds.
  path: Assets/Scripts/Utility/Unity Extensions/VectorExtensions.cs
  artifactKey: Guid(844f626272ce8ba4b9c6b6088d8e2f3c) Importer(815301076,1909f56bfc062723c751e8b465ee728b)
Start importing Assets/Scripts/Utility/Unity Extensions/VectorExtensions.cs using Guid(844f626272ce8ba4b9c6b6088d8e2f3c) Importer(815301076,1909f56bfc062723c751e8b465ee728b)  -> (artifact id: 'ef68ba79e659c4979cebbc282191ee77') in 0.005839 seconds
  Import took 0.010230 seconds .

========================================================================
Received Import Request.
  Time since last request: 0.001847 seconds.
  path: Assets/Scripts/Utility/Mouse/MouseCaster.cs
  artifactKey: Guid(124242fca4ad2994585b822e674ff433) Importer(815301076,1909f56bfc062723c751e8b465ee728b)
Start importing Assets/Scripts/Utility/Mouse/MouseCaster.cs using Guid(124242fca4ad2994585b822e674ff433) Importer(815301076,1909f56bfc062723c751e8b465ee728b)  -> (artifact id: 'f673862b3ffea06c644f7b3067ec8f87') in 0.004879 seconds
  Import took 0.020499 seconds .

========================================================================
Received Import Request.
  Time since last request: 0.005091 seconds.
  path: Assets/3rd Party/MyBox/Types/GUID/GuidComponent.cs
  artifactKey: Guid(98bbc2c1e63e98543830eec78d976795) Importer(815301076,1909f56bfc062723c751e8b465ee728b)
Start importing Assets/3rd Party/MyBox/Types/GUID/GuidComponent.cs using Guid(98bbc2c1e63e98543830eec78d976795) Importer(815301076,1909f56bfc062723c751e8b465ee728b)  -> (artifact id: '7642a5a5ef046cf95eeed96041091c6a') in 0.004796 seconds
  Import took 0.009470 seconds .

========================================================================
Received Import Request.
  Time since last request: 0.004779 seconds.
  path: Assets/3rd Party/MyBox/Tools/AssetPresetPreprocessor/AssetsPresetPreprocessEditor.cs
  artifactKey: Guid(75e5dfe4a595bba4ca5254e203313a15) Importer(815301076,1909f56bfc062723c751e8b465ee728b)
Start importing Assets/3rd Party/MyBox/Tools/AssetPresetPreprocessor/AssetsPresetPreprocessEditor.cs using Guid(75e5dfe4a595bba4ca5254e203313a15) Importer(815301076,1909f56bfc062723c751e8b465ee728b)  -> (artifact id: '6a2770d4373e96ea0069b4b184b6b8a7') in 0.005680 seconds
  Import took 0.010009 seconds .

========================================================================
Received Import Request.
  Time since last request: 0.004892 seconds.
  path: Assets/3rd Party/MyBox/Types/EditorTypes/DraggableHandler.cs
  artifactKey: Guid(507cee406837a404f808ba3333c51db3) Importer(815301076,1909f56bfc062723c751e8b465ee728b)
Start importing Assets/3rd Party/MyBox/Types/EditorTypes/DraggableHandler.cs using Guid(507cee406837a404f808ba3333c51db3) Importer(815301076,1909f56bfc062723c751e8b465ee728b)  -> (artifact id: 'b5d8ed7fac6eb66c8171b4d45ccc5504') in 0.006254 seconds
  Import took 0.035457 seconds .

========================================================================
Received Import Request.
  Time since last request: 0.004820 seconds.
  path: Assets/3rd Party/MyBox/Types/EditorTypes/EditorWithSubEditors.cs
  artifactKey: Guid(a9ef1d5208f86bb438938f55da5d07b8) Importer(815301076,1909f56bfc062723c751e8b465ee728b)
Start importing Assets/3rd Party/MyBox/Types/EditorTypes/EditorWithSubEditors.cs using Guid(a9ef1d5208f86bb438938f55da5d07b8) Importer(815301076,1909f56bfc062723c751e8b465ee728b)  -> (artifact id: '0509a49a74bb8c191feb636ef9e361f1') in 0.006310 seconds
  Import took 0.016693 seconds .

========================================================================
Received Import Request.
  Time since last request: 0.001791 seconds.
  path: Assets/Scripts/Utility/Physics/Raycaster.cs
  artifactKey: Guid(f65030618e154844d82f0de3674f5935) Importer(815301076,1909f56bfc062723c751e8b465ee728b)
Start importing Assets/Scripts/Utility/Physics/Raycaster.cs using Guid(f65030618e154844d82f0de3674f5935) Importer(815301076,1909f56bfc062723c751e8b465ee728b)  -> (artifact id: 'e5823f2311eb79cbabae223febc3cda9') in 0.005689 seconds
  Import took 0.027525 seconds .

========================================================================
Received Import Request.
  Time since last request: 0.005148 seconds.
  path: Assets/3rd Party/MyBox/Tools/Undone/NodeEditorUtils.cs
  artifactKey: Guid(eef06924417feca45b14506a47fcbe79) Importer(815301076,1909f56bfc062723c751e8b465ee728b)
Start importing Assets/3rd Party/MyBox/Tools/Undone/NodeEditorUtils.cs using Guid(eef06924417feca45b14506a47fcbe79) Importer(815301076,1909f56bfc062723c751e8b465ee728b)  -> (artifact id: '220f52670ba3d8b2a6f1b18760806ec7') in 0.006243 seconds
  Import took 0.011787 seconds .

========================================================================
Received Import Request.
  Time since last request: 0.005175 seconds.
  path: Assets/3rd Party/MyBox/Types/EditorTypes/ConditionallyEnabledGUIBlock.cs
  artifactKey: Guid(d80ab2dc89c871446a0715356e9c15ec) Importer(815301076,1909f56bfc062723c751e8b465ee728b)
Start importing Assets/3rd Party/MyBox/Types/EditorTypes/ConditionallyEnabledGUIBlock.cs using Guid(d80ab2dc89c871446a0715356e9c15ec) Importer(815301076,1909f56bfc062723c751e8b465ee728b)  -> (artifact id: '98c373b0128c56b1eb7070488ad47290') in 0.006261 seconds
  Import took 0.031959 seconds .

========================================================================
Received Import Request.
  Time since last request: 0.004860 seconds.
  path: Assets/3rd Party/MyBox/Attributes/MinMaxRangeAttribute.cs
  artifactKey: Guid(aa6fba45efae4ac4b9830e11066fb969) Importer(815301076,1909f56bfc062723c751e8b465ee728b)
Start importing Assets/3rd Party/MyBox/Attributes/MinMaxRangeAttribute.cs using Guid(aa6fba45efae4ac4b9830e11066fb969) Importer(815301076,1909f56bfc062723c751e8b465ee728b)  -> (artifact id: '746940c0ff0d4de4e87f9e76c094a171') in 0.005974 seconds
  Import took 0.011123 seconds .

========================================================================
Received Import Request.
  Time since last request: 0.004721 seconds.
  path: Assets/3rd Party/MyBox/Extensions/MyDelayedActions.cs
  artifactKey: Guid(8ba7897fc0e165a4ebe8e36b85556ec7) Importer(815301076,1909f56bfc062723c751e8b465ee728b)
Start importing Assets/3rd Party/MyBox/Extensions/MyDelayedActions.cs using Guid(8ba7897fc0e165a4ebe8e36b85556ec7) Importer(815301076,1909f56bfc062723c751e8b465ee728b)  -> (artifact id: '2a6cb8547b2bec88604dae22be3c9146') in 0.005399 seconds
  Import took 0.036790 seconds .

========================================================================
Received Import Request.
  Time since last request: 0.004879 seconds.
  path: Assets/3rd Party/MyBox/Extensions/MyUI.cs
  artifactKey: Guid(43d481a52e319334991a5f2842a957ac) Importer(815301076,1909f56bfc062723c751e8b465ee728b)
Start importing Assets/3rd Party/MyBox/Extensions/MyUI.cs using Guid(43d481a52e319334991a5f2842a957ac) Importer(815301076,1909f56bfc062723c751e8b465ee728b)  -> (artifact id: '71871edea6d2eb51944bd41f90a1482f') in 0.005326 seconds
  Import took 0.025476 seconds .

========================================================================
Received Import Request.
  Time since last request: 0.004619 seconds.
  path: Assets/3rd Party/MyBox/Extensions/MyDebug.cs
  artifactKey: Guid(2dcf836d03824e647a22dde16fb8be00) Importer(815301076,1909f56bfc062723c751e8b465ee728b)
Start importing Assets/3rd Party/MyBox/Extensions/MyDebug.cs using Guid(2dcf836d03824e647a22dde16fb8be00) Importer(815301076,1909f56bfc062723c751e8b465ee728b)  -> (artifact id: '6a1556777783d66c2eee0e6bfdc97457') in 0.005236 seconds
  Import took 0.009996 seconds .

========================================================================
Received Import Request.
  Time since last request: 0.004402 seconds.
  path: Assets/3rd Party/MyBox/Types/GUID/GuidManager.cs
  artifactKey: Guid(a025fc98970524f4fafbe145be2d52d9) Importer(815301076,1909f56bfc062723c751e8b465ee728b)
Start importing Assets/3rd Party/MyBox/Types/GUID/GuidManager.cs using Guid(a025fc98970524f4fafbe145be2d52d9) Importer(815301076,1909f56bfc062723c751e8b465ee728b)  -> (artifact id: 'da3d1e3ca2a30e66d2585d7c95c491b2') in 0.006027 seconds
  Import took 0.029513 seconds .

========================================================================
Received Import Request.
  Time since last request: 0.005227 seconds.
  path: Assets/3rd Party/MyBox/Attributes/SearchableEnumAttribute.cs
  artifactKey: Guid(d4c1ac06e38adc9418191cf707dc1c63) Importer(815301076,1909f56bfc062723c751e8b465ee728b)
Start importing Assets/3rd Party/MyBox/Attributes/SearchableEnumAttribute.cs using Guid(d4c1ac06e38adc9418191cf707dc1c63) Importer(815301076,1909f56bfc062723c751e8b465ee728b)  -> (artifact id: 'd1c8efa37ce4766e9e2219ab9b372ae7') in 0.005983 seconds
  Import took 0.010861 seconds .

========================================================================
Received Import Request.
  Time since last request: 0.005054 seconds.
  path: Assets/3rd Party/MyBox/Types/CommentaryComponent.cs
  artifactKey: Guid(ee85920dbe024568b894f71d5bb75c1e) Importer(815301076,1909f56bfc062723c751e8b465ee728b)
Start importing Assets/3rd Party/MyBox/Types/CommentaryComponent.cs using Guid(ee85920dbe024568b894f71d5bb75c1e) Importer(815301076,1909f56bfc062723c751e8b465ee728b)  -> (artifact id: 'c852724eeb7c740ba8f7843f07e1ea2a') in 0.005284 seconds
  Import took 0.020381 seconds .

========================================================================
Received Import Request.
  Time since last request: 0.004130 seconds.
  path: Assets/Scripts/Utility/Grid System/Pathfinding/PathVisualizer.cs
  artifactKey: Guid(bb600b99e5a8db144b39c96c9256e602) Importer(815301076,1909f56bfc062723c751e8b465ee728b)
Start importing Assets/Scripts/Utility/Grid System/Pathfinding/PathVisualizer.cs using Guid(bb600b99e5a8db144b39c96c9256e602) Importer(815301076,1909f56bfc062723c751e8b465ee728b)  -> (artifact id: '8463cb6e186fd537b2a26ffa54a460a0') in 0.005995 seconds
  Import took 0.016064 seconds .

========================================================================
Received Import Request.
  Time since last request: 0.004971 seconds.
  path: Assets/3rd Party/MyBox/Extensions/EditorExtensions/MySerializedProperty.cs
  artifactKey: Guid(1647a9f1d48b4cdcbc9d8c0ed8ec8c5d) Importer(815301076,1909f56bfc062723c751e8b465ee728b)
Start importing Assets/3rd Party/MyBox/Extensions/EditorExtensions/MySerializedProperty.cs using Guid(1647a9f1d48b4cdcbc9d8c0ed8ec8c5d) Importer(815301076,1909f56bfc062723c751e8b465ee728b)  -> (artifact id: '92a9fd8ac23bc535d4ef174e00f63011') in 0.005646 seconds
  Import took 0.011018 seconds .

========================================================================
Received Import Request.
  Time since last request: 0.004999 seconds.
  path: Assets/3rd Party/MyBox/Extensions/MyReflection.cs
  artifactKey: Guid(da93a62ca21e462ea375942c000207ae) Importer(815301076,1909f56bfc062723c751e8b465ee728b)
Start importing Assets/3rd Party/MyBox/Extensions/MyReflection.cs using Guid(da93a62ca21e462ea375942c000207ae) Importer(815301076,1909f56bfc062723c751e8b465ee728b)  -> (artifact id: '368e5d7d455dee4e5666caa21eafce32') in 0.005246 seconds
  Import took 0.033726 seconds .

========================================================================
Received Import Request.
  Time since last request: 0.001820 seconds.
  path: Assets/Scripts/Utility/Grid System/Pathfinding/PathManager.cs
  artifactKey: Guid(1930136e8560619479b2ff9ae463acf4) Importer(815301076,1909f56bfc062723c751e8b465ee728b)
Start importing Assets/Scripts/Utility/Grid System/Pathfinding/PathManager.cs using Guid(1930136e8560619479b2ff9ae463acf4) Importer(815301076,1909f56bfc062723c751e8b465ee728b)  -> (artifact id: 'c6396116991908832b5f746b3a043755') in 0.004962 seconds
  Import took 0.009538 seconds .

========================================================================
Received Import Request.
  Time since last request: 0.004916 seconds.
  path: Assets/3rd Party/MyBox/Types/MyCursor.cs
  artifactKey: Guid(2e55354cc1054ccc83f73af74ccfb15f) Importer(815301076,1909f56bfc062723c751e8b465ee728b)
Start importing Assets/3rd Party/MyBox/Types/MyCursor.cs using Guid(2e55354cc1054ccc83f73af74ccfb15f) Importer(815301076,1909f56bfc062723c751e8b465ee728b)  -> (artifact id: '173aa70462178a032d85166f2dce7d63') in 0.005741 seconds
  Import took 0.010939 seconds .

========================================================================
Received Import Request.
  Time since last request: 0.004689 seconds.
  path: Assets/3rd Party/MyBox/Extensions/MyGizmos.cs
  artifactKey: Guid(804109ef525642fbaee14eea876599fd) Importer(815301076,1909f56bfc062723c751e8b465ee728b)
Start importing Assets/3rd Party/MyBox/Extensions/MyGizmos.cs using Guid(804109ef525642fbaee14eea876599fd) Importer(815301076,1909f56bfc062723c751e8b465ee728b)  -> (artifact id: 'f90d0d84afcdb908ebec86ed6142e247') in 0.005831 seconds
  Import took 0.030388 seconds .

========================================================================
Received Import Request.
  Time since last request: 0.004977 seconds.
  path: Assets/3rd Party/MyBox/Attributes/SceneAttribute.cs
  artifactKey: Guid(f2e2f0d183cdeeb4a9e0d11deb8f782b) Importer(815301076,1909f56bfc062723c751e8b465ee728b)
Start importing Assets/3rd Party/MyBox/Attributes/SceneAttribute.cs using Guid(f2e2f0d183cdeeb4a9e0d11deb8f782b) Importer(815301076,1909f56bfc062723c751e8b465ee728b)  -> (artifact id: 'be680840510a441f823ce13cda36c196') in 0.006566 seconds
  Import took 0.011751 seconds .

========================================================================
Received Import Request.
  Time since last request: 0.004891 seconds.
  path: Assets/3rd Party/MyBox/Tools/Undone/ECS/UniqueComponent.cs
  artifactKey: Guid(cc7b23091d98cd347aa74abe028b95cd) Importer(815301076,1909f56bfc062723c751e8b465ee728b)
Start importing Assets/3rd Party/MyBox/Tools/Undone/ECS/UniqueComponent.cs using Guid(cc7b23091d98cd347aa74abe028b95cd) Importer(815301076,1909f56bfc062723c751e8b465ee728b)  -> (artifact id: 'a52288dfc51c5e0dc82d2119db0430ef') in 0.005784 seconds
  Import took 0.035521 seconds .

========================================================================
Received Import Request.
  Time since last request: 0.005137 seconds.
  path: Assets/3rd Party/MyBox/Attributes/FoldoutAttribute.cs
  artifactKey: Guid(69f6d9b4f0e9f594dbcc767598fe91c6) Importer(815301076,1909f56bfc062723c751e8b465ee728b)
Start importing Assets/3rd Party/MyBox/Attributes/FoldoutAttribute.cs using Guid(69f6d9b4f0e9f594dbcc767598fe91c6) Importer(815301076,1909f56bfc062723c751e8b465ee728b)  -> (artifact id: '1c5088c8283c9c5afbbfdf81de18d4ac') in 0.006243 seconds
  Import took 0.055804 seconds .

========================================================================
Received Import Request.
  Time since last request: 0.004948 seconds.
  path: Assets/3rd Party/MyBox/Tools/Internal/MyBoxUtilities.cs
  artifactKey: Guid(2625afd64fa74f3c99c1353ee281bf30) Importer(815301076,1909f56bfc062723c751e8b465ee728b)
Start importing Assets/3rd Party/MyBox/Tools/Internal/MyBoxUtilities.cs using Guid(2625afd64fa74f3c99c1353ee281bf30) Importer(815301076,1909f56bfc062723c751e8b465ee728b)  -> (artifact id: 'c8de05277b35677843a221da6516facd') in 0.006339 seconds
  Import took 0.011667 seconds .

========================================================================
Received Import Request.
  Time since last request: 0.004970 seconds.
  path: Assets/3rd Party/MyBox/Tools/Internal/MyBoxWindow.cs
  artifactKey: Guid(635635a0d91a4439a0ab3bf7ae21597a) Importer(815301076,1909f56bfc062723c751e8b465ee728b)
Start importing Assets/3rd Party/MyBox/Tools/Internal/MyBoxWindow.cs using Guid(635635a0d91a4439a0ab3bf7ae21597a) Importer(815301076,1909f56bfc062723c751e8b465ee728b)  -> (artifact id: '90c84fb46bcb595599ea21976cfa826e') in 0.005724 seconds
  Import took 0.028020 seconds .

========================================================================
Received Import Request.
  Time since last request: 0.004347 seconds.
  path: Assets/3rd Party/MyBox/Attributes/TagAttribute.cs
  artifactKey: Guid(4112d636c944a774aae43810656bde88) Importer(815301076,1909f56bfc062723c751e8b465ee728b)
Start importing Assets/3rd Party/MyBox/Attributes/TagAttribute.cs using Guid(4112d636c944a774aae43810656bde88) Importer(815301076,1909f56bfc062723c751e8b465ee728b)  -> (artifact id: 'aab665f3190ed72eb345a36c54b5f489') in 0.005338 seconds
  Import took 0.035443 seconds .

========================================================================
Received Import Request.
  Time since last request: 0.019670 seconds.
  path: Assets/3rd Party/MyBox/Tools/Undone/ECS/EventsSystem.cs
  artifactKey: Guid(a5b7d3402dc34b029627ddab5b63f2e2) Importer(815301076,1909f56bfc062723c751e8b465ee728b)
Start importing Assets/3rd Party/MyBox/Tools/Undone/ECS/EventsSystem.cs using Guid(a5b7d3402dc34b029627ddab5b63f2e2) Importer(815301076,1909f56bfc062723c751e8b465ee728b)  -> (artifact id: '3edf78789e516eded9490816289f1c10') in 0.005976 seconds
  Import took 0.010929 seconds .

========================================================================
Received Import Request.
  Time since last request: 0.004839 seconds.
  path: Assets/3rd Party/MyBox/Types/Singleton.cs
  artifactKey: Guid(025d12ecdfafc224fa43b83186bee3cf) Importer(815301076,1909f56bfc062723c751e8b465ee728b)
Start importing Assets/3rd Party/MyBox/Types/Singleton.cs using Guid(025d12ecdfafc224fa43b83186bee3cf) Importer(815301076,1909f56bfc062723c751e8b465ee728b)  -> (artifact id: 'd5d4677337cdaba8311aaa788bd20ff3') in 0.001519 seconds
  Import took 0.020015 seconds .

========================================================================
Received Import Request.
  Time since last request: 0.004998 seconds.
  path: Assets/3rd Party/MyBox/Types/MonoSingleton.cs
  artifactKey: Guid(fe030faac94466140b78f5375abc62a8) Importer(815301076,1909f56bfc062723c751e8b465ee728b)
Start importing Assets/3rd Party/MyBox/Types/MonoSingleton.cs using Guid(fe030faac94466140b78f5375abc62a8) Importer(815301076,1909f56bfc062723c751e8b465ee728b)  -> (artifact id: '3ec499cd7c8422928d01c2ecc048a37e') in 0.005505 seconds
  Import took 0.010249 seconds .

========================================================================
Received Import Request.
  Time since last request: 0.004834 seconds.
  path: Assets/3rd Party/MyBox/Attributes/RequireLayerAttribute.cs
  artifactKey: Guid(a239ed93c95b4382a478c97d2bec7768) Importer(815301076,1909f56bfc062723c751e8b465ee728b)
Start importing Assets/3rd Party/MyBox/Attributes/RequireLayerAttribute.cs using Guid(a239ed93c95b4382a478c97d2bec7768) Importer(815301076,1909f56bfc062723c751e8b465ee728b)  -> (artifact id: '3235c241101a30b4d10fbe86485dd27e') in 0.006449 seconds
  Import took 0.048963 seconds .

========================================================================
Received Import Request.
  Time since last request: 0.001927 seconds.
  path: Assets/Scripts/Utility/Time/TimersManager.cs
  artifactKey: Guid(c1be1521b094e424aa03b1944ace3e2e) Importer(815301076,1909f56bfc062723c751e8b465ee728b)
Start importing Assets/Scripts/Utility/Time/TimersManager.cs using Guid(c1be1521b094e424aa03b1944ace3e2e) Importer(815301076,1909f56bfc062723c751e8b465ee728b)  -> (artifact id: 'e1d6c07d27ba95cab9600def8b8aca2d') in 0.005867 seconds
  Import took 0.011100 seconds .

========================================================================
Received Import Request.
  Time since last request: 0.005190 seconds.
  path: Assets/3rd Party/MyBox/Extensions/EditorExtensions/MyHandles.cs
  artifactKey: Guid(2d92acda10a85c7479df21d5537fd781) Importer(815301076,1909f56bfc062723c751e8b465ee728b)
Start importing Assets/3rd Party/MyBox/Extensions/EditorExtensions/MyHandles.cs using Guid(2d92acda10a85c7479df21d5537fd781) Importer(815301076,1909f56bfc062723c751e8b465ee728b)  -> (artifact id: '0ac10cbd8f5ab11bec860f434dd4a547') in 0.021248 seconds
  Import took 0.026699 seconds .

AssetImportWorkerClient::OnTransportError - code=2 error=End of file
